#
# There is insufficient memory for the Java Runtime Environment to continue.
# Native memory allocation (mmap) failed to map 234881024 bytes for G1 virtual space
# Possible reasons:
#   The system is out of physical RAM or swap space
#   The process is running with CompressedOops enabled, and the Java Heap may be blocking the growth of the native heap
# Possible solutions:
#   Reduce memory load on the system
#   Increase physical memory or swap space
#   Check if swap backing store is full
#   Decrease Java heap size (-Xmx/-Xms)
#   Decrease number of Java threads
#   Decrease Java thread stack sizes (-Xss)
#   Set larger code cache with -XX:ReservedCodeCacheSize=
#   JVM is running with Unscaled Compressed Oops mode in which the Java heap is
#     placed in the first 4GB address space. The Java Heap base address is the
#     maximum limit for the native heap growth. Please use -XX:HeapBaseMinAddress
#     to set the Java Heap base and to place the Java Heap above 4GB virtual address.
# This output file may be truncated or incomplete.
#
#  Out of Memory Error (os_windows.cpp:3769), pid=1572, tid=20364
#
# JRE version: OpenJDK Runtime Environment (17.0.6) (build 17.0.6+0-b2043.56-10027231)
# Java VM: OpenJDK 64-Bit Server VM (17.0.6+0-b2043.56-10027231, mixed mode, tiered, compressed oops, compressed class ptrs, g1 gc, windows-amd64)
# No core dump will be written. Minidumps are not enabled by default on client versions of Windows
#

---------------  S U M M A R Y ------------

Command Line: --add-opens=java.base/java.util=ALL-UNNAMED --add-opens=java.base/java.lang=ALL-UNNAMED --add-opens=java.base/java.lang.invoke=ALL-UNNAMED --add-opens=java.prefs/java.util.prefs=ALL-UNNAMED --add-opens=java.base/java.nio.charset=ALL-UNNAMED --add-opens=java.base/java.net=ALL-UNNAMED --add-opens=java.base/java.util.concurrent.atomic=ALL-UNNAMED -Xmx2048m -Dfile.encoding=UTF-8 -Duser.country=US -Duser.language=en -Duser.variant org.gradle.launcher.daemon.bootstrap.GradleDaemon 8.0

Host: Intel(R) Core(TM) i7-6820HQ CPU @ 2.70GHz, 8 cores, 15G,  Windows 10 , 64 bit Build 19041 (10.0.19041.3393)
Time: Mon Sep 25 13:49:51 2023 SE Asia Standard Time elapsed time: 19.666643 seconds (0d 0h 0m 19s)

---------------  T H R E A D  ---------------

Current thread (0x000001c599026c40):  VMThread "VM Thread" [stack: 0x00000097c8500000,0x00000097c8600000] [id=20364]

Stack: [0x00000097c8500000,0x00000097c8600000]
Native frames: (J=compiled Java code, j=interpreted, Vv=VM code, C=native code)
V  [jvm.dll+0x683c9a]
V  [jvm.dll+0x8427a4]
V  [jvm.dll+0x843f9e]
V  [jvm.dll+0x844603]
V  [jvm.dll+0x249b75]
V  [jvm.dll+0x680b69]
V  [jvm.dll+0x67505a]
V  [jvm.dll+0x309acb]
V  [jvm.dll+0x310f86]
V  [jvm.dll+0x3608ee]
V  [jvm.dll+0x360b1f]
V  [jvm.dll+0x2dfbf8]
V  [jvm.dll+0x2ddec4]
V  [jvm.dll+0x2dd4cc]
V  [jvm.dll+0x321f3b]
V  [jvm.dll+0x848ccb]
V  [jvm.dll+0x849a04]
V  [jvm.dll+0x849f1d]
V  [jvm.dll+0x84a2f4]
V  [jvm.dll+0x84a3c0]
V  [jvm.dll+0x7f274a]
V  [jvm.dll+0x682ad5]
C  [ucrtbase.dll+0x21bb2]
C  [KERNEL32.DLL+0x17344]
C  [ntdll.dll+0x526b1]

VM_Operation (0x00000097cf6faf00): G1CollectForAllocation, mode: safepoint, requested by thread 0x000001c59a0a42f0


---------------  P R O C E S S  ---------------

Threads class SMR info:
_java_thread_list=0x000001c59ca9dc70, length=145, elements={
0x000001c5fc8190b0, 0x000001c599028fd0, 0x000001c59902b5f0, 0x000001c5990703c0,
0x000001c599072d90, 0x000001c599073650, 0x000001c599073f10, 0x000001c5990780b0,
0x000001c599080a70, 0x000001c59908bb50, 0x000001c599202e50, 0x000001c599203b30,
0x000001c5993f8110, 0x000001c59a6a8110, 0x000001c59a0c1fa0, 0x000001c59be916c0,
0x000001c59ccceab0, 0x000001c59ab52630, 0x000001c59ab52b00, 0x000001c599fcd700,
0x000001c599fcdbd0, 0x000001c599fce570, 0x000001c599fce0a0, 0x000001c599fcb550,
0x000001c599fcea40, 0x000001c599fcba20, 0x000001c599fccd60, 0x000001c599fcb080,
0x000001c599fcd230, 0x000001c599fcbef0, 0x000001c599fcc3c0, 0x000001c599fcc890,
0x000001c59d4c6ce0, 0x000001c59d4c54d0, 0x000001c59d4c9830, 0x000001c59d4c59a0,
0x000001c59d4c84f0, 0x000001c59d4c5e70, 0x000001c59d4c5000, 0x000001c59d4c2e50,
0x000001c59d4c3320, 0x000001c59d4c9360, 0x000001c59d4c6340, 0x000001c59d4c37f0,
0x000001c59d4c3cc0, 0x000001c59d4c6810, 0x000001c59d4c7b50, 0x000001c59d4c4190,
0x000001c59d4c71b0, 0x000001c59d4c89c0, 0x000001c59d4c7680, 0x000001c59f431190,
0x000001c59f42eb10, 0x000001c59f42efe0, 0x000001c59f4329a0, 0x000001c59f42bfc0,
0x000001c59f431b30, 0x000001c59f42f4b0, 0x000001c59f430320, 0x000001c59f42d7d0,
0x000001c59f4324d0, 0x000001c59f42ce30, 0x000001c59f432e70, 0x000001c59f42fe50,
0x000001c59f42f980, 0x000001c59f42d300, 0x000001c59f4307f0, 0x000001c59f430cc0,
0x000001c59f431660, 0x000001c59f42c490, 0x000001c59f42dca0, 0x000001c59f432000,
0x000001c59f433340, 0x000001c59f433810, 0x000001c59f42c960, 0x000001c59f42e170,
0x000001c59f42e640, 0x000001c59a0a12d0, 0x000001c59a09f120, 0x000001c59a09ec50,
0x000001c59a09e780, 0x000001c59a0a17a0, 0x000001c59a0a1c70, 0x000001c59a09cf70,
0x000001c59a0a2fb0, 0x000001c59a0a2140, 0x000001c59a09d910, 0x000001c59a0a0460,
0x000001c59a09d440, 0x000001c59a0a0e00, 0x000001c59a09f5f0, 0x000001c59a0a3480,
0x000001c59a09fac0, 0x000001c59a09dde0, 0x000001c59a09caa0, 0x000001c59a0a0930,
0x000001c59a0a2610, 0x000001c59a09ff90, 0x000001c59a0a3950, 0x000001c59a09e2b0,
0x000001c59a0a2ae0, 0x000001c59a0a3e20, 0x000001c59a0a42f0, 0x000001c59bf30630,
0x000001c59bf30160, 0x000001c59bf33b20, 0x000001c59bf30b00, 0x000001c59bf2f7c0,
0x000001c59bf30fd0, 0x000001c59bf314a0, 0x000001c59bf2e950, 0x000001c59bf32cb0,
0x000001c59bf31970, 0x000001c59bf31e40, 0x000001c59bf2ee20, 0x000001c59bf33650,
0x000001c59bf33180, 0x000001c59bf32310, 0x000001c59bf327e0, 0x000001c59bf33ff0,
0x000001c59bf344c0, 0x000001c59bf35cd0, 0x000001c59bf34990, 0x000001c59bf361a0,
0x000001c59bf34e60, 0x000001c59bf35330, 0x000001c59bf35800, 0x000001c59bf2f2f0,
0x000001c59bf2fc90, 0x000001c59f183330, 0x000001c5a24018e0, 0x000001c5a2402c20,
0x000001c5a2407450, 0x000001c5a24005a0, 0x000001c5a2406f80, 0x000001c5a2405770,
0x000001c5a24030f0, 0x000001c5a24035c0, 0x000001c5a2407920, 0x000001c5a2402280,
0x000001c5a2401410, 0x000001c59c2be8f0, 0x000001c59c2c22b0, 0x000001c59c2c2780,
0x000001c59c2c3120
}

Java Threads: ( => current thread )
  0x000001c5fc8190b0 JavaThread "main" [_thread_blocked, id=14972, stack(0x00000097c7f00000,0x00000097c8000000)]
  0x000001c599028fd0 JavaThread "Reference Handler" daemon [_thread_blocked, id=16972, stack(0x00000097c8600000,0x00000097c8700000)]
  0x000001c59902b5f0 JavaThread "Finalizer" daemon [_thread_blocked, id=13268, stack(0x00000097c8700000,0x00000097c8800000)]
  0x000001c5990703c0 JavaThread "Signal Dispatcher" daemon [_thread_blocked, id=4724, stack(0x00000097c8800000,0x00000097c8900000)]
  0x000001c599072d90 JavaThread "Attach Listener" daemon [_thread_blocked, id=21280, stack(0x00000097c8900000,0x00000097c8a00000)]
  0x000001c599073650 JavaThread "Service Thread" daemon [_thread_blocked, id=19656, stack(0x00000097c8a00000,0x00000097c8b00000)]
  0x000001c599073f10 JavaThread "Monitor Deflation Thread" daemon [_thread_blocked, id=10792, stack(0x00000097c8b00000,0x00000097c8c00000)]
  0x000001c5990780b0 JavaThread "C2 CompilerThread0" daemon [_thread_blocked, id=9076, stack(0x00000097c8c00000,0x00000097c8d00000)]
  0x000001c599080a70 JavaThread "C1 CompilerThread0" daemon [_thread_blocked, id=2904, stack(0x00000097c8d00000,0x00000097c8e00000)]
  0x000001c59908bb50 JavaThread "Sweeper thread" daemon [_thread_blocked, id=13240, stack(0x00000097c8e00000,0x00000097c8f00000)]
  0x000001c599202e50 JavaThread "Common-Cleaner" daemon [_thread_blocked, id=3340, stack(0x00000097c8f00000,0x00000097c9000000)]
  0x000001c599203b30 JavaThread "Notification Thread" daemon [_thread_blocked, id=15320, stack(0x00000097c9000000,0x00000097c9100000)]
  0x000001c5993f8110 JavaThread "C2 CompilerThread1" daemon [_thread_in_native, id=9084, stack(0x00000097c9200000,0x00000097c9300000)]
  0x000001c59a6a8110 JavaThread "Daemon health stats" [_thread_blocked, id=9204, stack(0x00000097c9900000,0x00000097c9a00000)]
  0x000001c59a0c1fa0 JavaThread "Incoming local TCP Connector on port 54877" [_thread_in_native, id=20916, stack(0x00000097c9a00000,0x00000097c9b00000)]
  0x000001c59be916c0 JavaThread "Daemon periodic checks" [_thread_blocked, id=19792, stack(0x00000097c9b00000,0x00000097c9c00000)]
  0x000001c59ccceab0 JavaThread "Daemon" [_thread_blocked, id=20816, stack(0x00000097c9c00000,0x00000097c9d00000)]
  0x000001c59ab52630 JavaThread "Handler for socket connection from /127.0.0.1:54877 to /127.0.0.1:54878" [_thread_in_native, id=1824, stack(0x00000097c9d00000,0x00000097c9e00000)]
  0x000001c59ab52b00 JavaThread "Cancel handler" [_thread_blocked, id=11552, stack(0x00000097c9e00000,0x00000097c9f00000)]
  0x000001c599fcd700 JavaThread "Daemon worker" [_thread_blocked, id=19060, stack(0x00000097c9f00000,0x00000097ca000000)]
  0x000001c599fcdbd0 JavaThread "Asynchronous log dispatcher for DefaultDaemonConnection: socket connection from /127.0.0.1:54877 to /127.0.0.1:54878" [_thread_blocked, id=11320, stack(0x00000097ca000000,0x00000097ca100000)]
  0x000001c599fce570 JavaThread "Stdin handler" [_thread_blocked, id=4824, stack(0x00000097ca100000,0x00000097ca200000)]
  0x000001c599fce0a0 JavaThread "Daemon client event forwarder" [_thread_blocked, id=10340, stack(0x00000097ca200000,0x00000097ca300000)]
  0x000001c599fcb550 JavaThread "Cache worker for journal cache (C:\Users\ADMIN\.gradle\caches\journal-1)" [_thread_blocked, id=4836, stack(0x00000097ca600000,0x00000097ca700000)]
  0x000001c599fcea40 JavaThread "File lock request listener" [_thread_in_native, id=13632, stack(0x00000097ca700000,0x00000097ca800000)]
  0x000001c599fcba20 JavaThread "Cache worker for file hash cache (C:\Users\ADMIN\.gradle\caches\8.0\fileHashes)" [_thread_blocked, id=9680, stack(0x00000097ca800000,0x00000097ca900000)]
  0x000001c599fccd60 JavaThread "File watcher server" daemon [_thread_blocked, id=15188, stack(0x00000097ca900000,0x00000097caa00000)]
  0x000001c599fcb080 JavaThread "File watcher consumer" daemon [_thread_blocked, id=16288, stack(0x00000097caa00000,0x00000097cab00000)]
  0x000001c599fcd230 JavaThread "Cache worker for checksums cache (C:\Users\ADMIN\Desktop\ANDROID\MOCK_PROJECT\MyQuizGame\.gradle\8.0\checksums)" [_thread_blocked, id=8776, stack(0x00000097cab00000,0x00000097cac00000)]
  0x000001c599fcbef0 JavaThread "Cache worker for cache directory md-rule (C:\Users\ADMIN\.gradle\caches\8.0\md-rule)" [_thread_blocked, id=14424, stack(0x00000097cac00000,0x00000097cad00000)]
  0x000001c599fcc3c0 JavaThread "Cache worker for file content cache (C:\Users\ADMIN\.gradle\caches\8.0\fileContent)" [_thread_blocked, id=21288, stack(0x00000097cad00000,0x00000097cae00000)]
  0x000001c599fcc890 JavaThread "Cache worker for file hash cache (C:\Users\ADMIN\Desktop\ANDROID\MOCK_PROJECT\MyQuizGame\.gradle\8.0\fileHashes)" [_thread_blocked, id=608, stack(0x00000097cae00000,0x00000097caf00000)]
  0x000001c59d4c6ce0 JavaThread "Cache worker for cache directory md-supplier (C:\Users\ADMIN\.gradle\caches\8.0\md-supplier)" [_thread_blocked, id=6720, stack(0x00000097caf00000,0x00000097cb000000)]
  0x000001c59d4c54d0 JavaThread "Cache worker for execution history cache (C:\Users\ADMIN\.gradle\caches\8.0\executionHistory)" [_thread_blocked, id=20676, stack(0x00000097cb000000,0x00000097cb100000)]
  0x000001c59d4c9830 JavaThread "jar transforms" [_thread_blocked, id=2136, stack(0x00000097cb100000,0x00000097cb200000)]
  0x000001c59d4c59a0 JavaThread "jar transforms Thread 2" [_thread_blocked, id=13628, stack(0x00000097cb200000,0x00000097cb300000)]
  0x000001c59d4c84f0 JavaThread "Cache worker for kotlin-dsl (C:\Users\ADMIN\.gradle\caches\8.0\kotlin-dsl)" [_thread_blocked, id=17340, stack(0x00000097cb400000,0x00000097cb500000)]
  0x000001c59d4c5e70 JavaThread "jar transforms Thread 3" [_thread_blocked, id=2860, stack(0x00000097cb500000,0x00000097cb600000)]
  0x000001c59d4c5000 JavaThread "jar transforms Thread 4" [_thread_blocked, id=20592, stack(0x00000097cb600000,0x00000097cb700000)]
  0x000001c59d4c2e50 JavaThread "Cache worker for dependencies-accessors (C:\Users\ADMIN\Desktop\ANDROID\MOCK_PROJECT\MyQuizGame\.gradle\8.0\dependencies-accessors)" [_thread_blocked, id=18552, stack(0x00000097cb700000,0x00000097cb800000)]
  0x000001c59d4c3320 JavaThread "Cache worker for Build Output Cleanup Cache (C:\Users\ADMIN\Desktop\ANDROID\MOCK_PROJECT\MyQuizGame\.gradle\buildOutputCleanup)" [_thread_blocked, id=16996, stack(0x00000097cb800000,0x00000097cb900000)]
  0x000001c59d4c9360 JavaThread "jar transforms Thread 5" [_thread_blocked, id=12856, stack(0x00000097cb900000,0x00000097cba00000)]
  0x000001c59d4c6340 JavaThread "Unconstrained build operations" [_thread_blocked, id=10368, stack(0x00000097cba00000,0x00000097cbb00000)]
  0x000001c59d4c37f0 JavaThread "Unconstrained build operations Thread 2" [_thread_blocked, id=2456, stack(0x00000097cbb00000,0x00000097cbc00000)]
  0x000001c59d4c3cc0 JavaThread "Unconstrained build operations Thread 3" [_thread_blocked, id=3420, stack(0x00000097cbc00000,0x00000097cbd00000)]
  0x000001c59d4c6810 JavaThread "Unconstrained build operations Thread 4" [_thread_blocked, id=13588, stack(0x00000097cbd00000,0x00000097cbe00000)]
  0x000001c59d4c7b50 JavaThread "Unconstrained build operations Thread 5" [_thread_blocked, id=20972, stack(0x00000097cbe00000,0x00000097cbf00000)]
  0x000001c59d4c4190 JavaThread "Unconstrained build operations Thread 6" [_thread_blocked, id=1296, stack(0x00000097cbf00000,0x00000097cc000000)]
  0x000001c59d4c71b0 JavaThread "Unconstrained build operations Thread 7" [_thread_blocked, id=13100, stack(0x00000097cc000000,0x00000097cc100000)]
  0x000001c59d4c89c0 JavaThread "Unconstrained build operations Thread 8" [_thread_blocked, id=3612, stack(0x00000097cc100000,0x00000097cc200000)]
  0x000001c59d4c7680 JavaThread "Unconstrained build operations Thread 9" [_thread_blocked, id=8468, stack(0x00000097cc200000,0x00000097cc300000)]
  0x000001c59f431190 JavaThread "Unconstrained build operations Thread 10" [_thread_blocked, id=12860, stack(0x00000097cc300000,0x00000097cc400000)]
  0x000001c59f42eb10 JavaThread "Unconstrained build operations Thread 11" [_thread_blocked, id=20920, stack(0x00000097cc400000,0x00000097cc500000)]
  0x000001c59f42efe0 JavaThread "Unconstrained build operations Thread 12" [_thread_blocked, id=19708, stack(0x00000097cc500000,0x00000097cc600000)]
  0x000001c59f4329a0 JavaThread "Unconstrained build operations Thread 13" [_thread_blocked, id=11528, stack(0x00000097cc600000,0x00000097cc700000)]
  0x000001c59f42bfc0 JavaThread "Unconstrained build operations Thread 14" [_thread_blocked, id=15888, stack(0x00000097cc700000,0x00000097cc800000)]
  0x000001c59f431b30 JavaThread "Unconstrained build operations Thread 15" [_thread_blocked, id=21456, stack(0x00000097cc800000,0x00000097cc900000)]
  0x000001c59f42f4b0 JavaThread "Unconstrained build operations Thread 16" [_thread_blocked, id=18084, stack(0x00000097cc900000,0x00000097cca00000)]
  0x000001c59f430320 JavaThread "Unconstrained build operations Thread 17" [_thread_blocked, id=10244, stack(0x00000097cca00000,0x00000097ccb00000)]
  0x000001c59f42d7d0 JavaThread "Unconstrained build operations Thread 18" [_thread_blocked, id=9192, stack(0x00000097ccb00000,0x00000097ccc00000)]
  0x000001c59f4324d0 JavaThread "Unconstrained build operations Thread 19" [_thread_blocked, id=10508, stack(0x00000097ccc00000,0x00000097ccd00000)]
  0x000001c59f42ce30 JavaThread "Unconstrained build operations Thread 20" [_thread_blocked, id=15284, stack(0x00000097ccd00000,0x00000097cce00000)]
  0x000001c59f432e70 JavaThread "Unconstrained build operations Thread 21" [_thread_blocked, id=7128, stack(0x00000097cce00000,0x00000097ccf00000)]
  0x000001c59f42fe50 JavaThread "Unconstrained build operations Thread 22" [_thread_blocked, id=18248, stack(0x00000097ccf00000,0x00000097cd000000)]
  0x000001c59f42f980 JavaThread "Unconstrained build operations Thread 23" [_thread_blocked, id=13252, stack(0x00000097cd000000,0x00000097cd100000)]
  0x000001c59f42d300 JavaThread "Unconstrained build operations Thread 24" [_thread_blocked, id=13376, stack(0x00000097cd100000,0x00000097cd200000)]
  0x000001c59f4307f0 JavaThread "Unconstrained build operations Thread 25" [_thread_blocked, id=21360, stack(0x00000097cd200000,0x00000097cd300000)]
  0x000001c59f430cc0 JavaThread "Unconstrained build operations Thread 26" [_thread_blocked, id=12280, stack(0x00000097cd300000,0x00000097cd400000)]
  0x000001c59f431660 JavaThread "Unconstrained build operations Thread 27" [_thread_blocked, id=21020, stack(0x00000097cd400000,0x00000097cd500000)]
  0x000001c59f42c490 JavaThread "Unconstrained build operations Thread 28" [_thread_blocked, id=4580, stack(0x00000097cd500000,0x00000097cd600000)]
  0x000001c59f42dca0 JavaThread "Unconstrained build operations Thread 29" [_thread_blocked, id=18828, stack(0x00000097cd600000,0x00000097cd700000)]
  0x000001c59f432000 JavaThread "Unconstrained build operations Thread 30" [_thread_blocked, id=13524, stack(0x00000097cd700000,0x00000097cd800000)]
  0x000001c59f433340 JavaThread "Unconstrained build operations Thread 31" [_thread_blocked, id=18928, stack(0x00000097cd800000,0x00000097cd900000)]
  0x000001c59f433810 JavaThread "Unconstrained build operations Thread 32" [_thread_blocked, id=1908, stack(0x00000097cd900000,0x00000097cda00000)]
  0x000001c59f42c960 JavaThread "Unconstrained build operations Thread 33" [_thread_blocked, id=17288, stack(0x00000097cda00000,0x00000097cdb00000)]
  0x000001c59f42e170 JavaThread "Unconstrained build operations Thread 34" [_thread_blocked, id=4812, stack(0x00000097cdb00000,0x00000097cdc00000)]
  0x000001c59f42e640 JavaThread "Unconstrained build operations Thread 35" [_thread_blocked, id=10412, stack(0x00000097cdc00000,0x00000097cdd00000)]
  0x000001c59a0a12d0 JavaThread "Unconstrained build operations Thread 36" [_thread_blocked, id=11296, stack(0x00000097cdd00000,0x00000097cde00000)]
  0x000001c59a09f120 JavaThread "Unconstrained build operations Thread 37" [_thread_blocked, id=11716, stack(0x00000097cde00000,0x00000097cdf00000)]
  0x000001c59a09ec50 JavaThread "Unconstrained build operations Thread 38" [_thread_blocked, id=8800, stack(0x00000097cdf00000,0x00000097ce000000)]
  0x000001c59a09e780 JavaThread "Unconstrained build operations Thread 39" [_thread_blocked, id=2784, stack(0x00000097ce000000,0x00000097ce100000)]
  0x000001c59a0a17a0 JavaThread "Unconstrained build operations Thread 40" [_thread_blocked, id=9012, stack(0x00000097ce100000,0x00000097ce200000)]
  0x000001c59a0a1c70 JavaThread "Unconstrained build operations Thread 41" [_thread_blocked, id=20896, stack(0x00000097ce200000,0x00000097ce300000)]
  0x000001c59a09cf70 JavaThread "Unconstrained build operations Thread 42" [_thread_blocked, id=3744, stack(0x00000097ce300000,0x00000097ce400000)]
  0x000001c59a0a2fb0 JavaThread "Unconstrained build operations Thread 43" [_thread_blocked, id=10628, stack(0x00000097ce400000,0x00000097ce500000)]
  0x000001c59a0a2140 JavaThread "Unconstrained build operations Thread 44" [_thread_blocked, id=9788, stack(0x00000097ce500000,0x00000097ce600000)]
  0x000001c59a09d910 JavaThread "Unconstrained build operations Thread 45" [_thread_blocked, id=13952, stack(0x00000097ce600000,0x00000097ce700000)]
  0x000001c59a0a0460 JavaThread "Unconstrained build operations Thread 46" [_thread_blocked, id=3288, stack(0x00000097ce700000,0x00000097ce800000)]
  0x000001c59a09d440 JavaThread "Unconstrained build operations Thread 47" [_thread_blocked, id=21160, stack(0x00000097ce800000,0x00000097ce900000)]
  0x000001c59a0a0e00 JavaThread "Unconstrained build operations Thread 48" [_thread_blocked, id=5524, stack(0x00000097ce900000,0x00000097cea00000)]
  0x000001c59a09f5f0 JavaThread "Unconstrained build operations Thread 49" [_thread_blocked, id=11384, stack(0x00000097cea00000,0x00000097ceb00000)]
  0x000001c59a0a3480 JavaThread "Unconstrained build operations Thread 50" [_thread_blocked, id=15472, stack(0x00000097ceb00000,0x00000097cec00000)]
  0x000001c59a09fac0 JavaThread "Unconstrained build operations Thread 51" [_thread_blocked, id=17648, stack(0x00000097cec00000,0x00000097ced00000)]
  0x000001c59a09dde0 JavaThread "Unconstrained build operations Thread 52" [_thread_blocked, id=20268, stack(0x00000097ced00000,0x00000097cee00000)]
  0x000001c59a09caa0 JavaThread "Unconstrained build operations Thread 53" [_thread_blocked, id=9276, stack(0x00000097cee00000,0x00000097cef00000)]
  0x000001c59a0a0930 JavaThread "Unconstrained build operations Thread 54" [_thread_blocked, id=14976, stack(0x00000097cef00000,0x00000097cf000000)]
  0x000001c59a0a2610 JavaThread "Unconstrained build operations Thread 55" [_thread_blocked, id=20468, stack(0x00000097cf000000,0x00000097cf100000)]
  0x000001c59a09ff90 JavaThread "Unconstrained build operations Thread 56" [_thread_blocked, id=17664, stack(0x00000097cf100000,0x00000097cf200000)]
  0x000001c59a0a3950 JavaThread "Unconstrained build operations Thread 57" [_thread_blocked, id=9736, stack(0x00000097cf200000,0x00000097cf300000)]
  0x000001c59a09e2b0 JavaThread "Unconstrained build operations Thread 58" [_thread_blocked, id=18628, stack(0x00000097cf300000,0x00000097cf400000)]
  0x000001c59a0a2ae0 JavaThread "Unconstrained build operations Thread 59" [_thread_blocked, id=6892, stack(0x00000097cf400000,0x00000097cf500000)]
  0x000001c59a0a3e20 JavaThread "Unconstrained build operations Thread 60" [_thread_blocked, id=2536, stack(0x00000097cf500000,0x00000097cf600000)]
  0x000001c59a0a42f0 JavaThread "Unconstrained build operations Thread 61" [_thread_blocked, id=8076, stack(0x00000097cf600000,0x00000097cf700000)]
  0x000001c59bf30630 JavaThread "Unconstrained build operations Thread 62" [_thread_blocked, id=9784, stack(0x00000097cf700000,0x00000097cf800000)]
  0x000001c59bf30160 JavaThread "Unconstrained build operations Thread 63" [_thread_blocked, id=6444, stack(0x00000097cf800000,0x00000097cf900000)]
  0x000001c59bf33b20 JavaThread "Unconstrained build operations Thread 64" [_thread_blocked, id=20536, stack(0x00000097cf900000,0x00000097cfa00000)]
  0x000001c59bf30b00 JavaThread "Unconstrained build operations Thread 65" [_thread_blocked, id=9700, stack(0x00000097cfa00000,0x00000097cfb00000)]
  0x000001c59bf2f7c0 JavaThread "Unconstrained build operations Thread 66" [_thread_blocked, id=16500, stack(0x00000097cfb00000,0x00000097cfc00000)]
  0x000001c59bf30fd0 JavaThread "Unconstrained build operations Thread 67" [_thread_blocked, id=10296, stack(0x00000097cfc00000,0x00000097cfd00000)]
  0x000001c59bf314a0 JavaThread "Unconstrained build operations Thread 68" [_thread_blocked, id=10248, stack(0x00000097cfd00000,0x00000097cfe00000)]
  0x000001c59bf2e950 JavaThread "Unconstrained build operations Thread 69" [_thread_blocked, id=20392, stack(0x00000097cfe00000,0x00000097cff00000)]
  0x000001c59bf32cb0 JavaThread "Unconstrained build operations Thread 70" [_thread_blocked, id=3476, stack(0x00000097cff00000,0x00000097d0000000)]
  0x000001c59bf31970 JavaThread "Unconstrained build operations Thread 71" [_thread_blocked, id=7220, stack(0x00000097d0000000,0x00000097d0100000)]
  0x000001c59bf31e40 JavaThread "Unconstrained build operations Thread 72" [_thread_blocked, id=21148, stack(0x00000097d0100000,0x00000097d0200000)]
  0x000001c59bf2ee20 JavaThread "Unconstrained build operations Thread 73" [_thread_blocked, id=14680, stack(0x00000097d0200000,0x00000097d0300000)]
  0x000001c59bf33650 JavaThread "Unconstrained build operations Thread 74" [_thread_blocked, id=19764, stack(0x00000097d0300000,0x00000097d0400000)]
  0x000001c59bf33180 JavaThread "Unconstrained build operations Thread 75" [_thread_blocked, id=14968, stack(0x00000097d0400000,0x00000097d0500000)]
  0x000001c59bf32310 JavaThread "Unconstrained build operations Thread 76" [_thread_blocked, id=10656, stack(0x00000097d0500000,0x00000097d0600000)]
  0x000001c59bf327e0 JavaThread "Unconstrained build operations Thread 77" [_thread_blocked, id=12376, stack(0x00000097d0600000,0x00000097d0700000)]
  0x000001c59bf33ff0 JavaThread "Unconstrained build operations Thread 78" [_thread_blocked, id=10572, stack(0x00000097d0700000,0x00000097d0800000)]
  0x000001c59bf344c0 JavaThread "Unconstrained build operations Thread 79" [_thread_blocked, id=7260, stack(0x00000097d0800000,0x00000097d0900000)]
  0x000001c59bf35cd0 JavaThread "Unconstrained build operations Thread 80" [_thread_blocked, id=20860, stack(0x00000097d0900000,0x00000097d0a00000)]
  0x000001c59bf34990 JavaThread "jar transforms Thread 6" [_thread_blocked, id=14260, stack(0x00000097d0a00000,0x00000097d0b00000)]
  0x000001c59bf361a0 JavaThread "jar transforms Thread 7" [_thread_blocked, id=7204, stack(0x00000097d0b00000,0x00000097d0c00000)]
  0x000001c59bf34e60 JavaThread "jar transforms Thread 8" [_thread_blocked, id=1532, stack(0x00000097d0c00000,0x00000097d0d00000)]
  0x000001c59bf35330 JavaThread "build event listener" [_thread_blocked, id=16444, stack(0x00000097d0d00000,0x00000097d0e00000)]
  0x000001c59bf35800 JavaThread "Memory manager" [_thread_blocked, id=19472, stack(0x00000097d0e00000,0x00000097d0f00000)]
  0x000001c59bf2f2f0 JavaThread "build event listener" [_thread_blocked, id=21344, stack(0x00000097d0f00000,0x00000097d1000000)]
  0x000001c59bf2fc90 JavaThread "build event listener" [_thread_blocked, id=20724, stack(0x00000097d1000000,0x00000097d1100000)]
  0x000001c59f183330 JavaThread "C2 CompilerThread2" daemon [_thread_blocked, id=21124, stack(0x00000097c9300000,0x00000097c9400000)]
  0x000001c5a24018e0 JavaThread "pool-3-thread-1" [_thread_blocked, id=20628, stack(0x00000097d1100000,0x00000097d1200000)]
  0x000001c5a2402c20 JavaThread "build event listener" [_thread_blocked, id=15632, stack(0x00000097d1200000,0x00000097d1300000)]
  0x000001c5a2407450 JavaThread "included builds" [_thread_blocked, id=11200, stack(0x00000097d1300000,0x00000097d1400000)]
  0x000001c5a24005a0 JavaThread "Execution worker" [_thread_blocked, id=3792, stack(0x00000097d1400000,0x00000097d1500000)]
  0x000001c5a2406f80 JavaThread "Execution worker Thread 2" [_thread_blocked, id=11208, stack(0x00000097d1500000,0x00000097d1600000)]
  0x000001c5a2405770 JavaThread "Execution worker Thread 3" [_thread_blocked, id=8744, stack(0x00000097d1600000,0x00000097d1700000)]
  0x000001c5a24030f0 JavaThread "Execution worker Thread 4" [_thread_blocked, id=4212, stack(0x00000097d1700000,0x00000097d1800000)]
  0x000001c5a24035c0 JavaThread "Execution worker Thread 5" [_thread_blocked, id=15496, stack(0x00000097d1800000,0x00000097d1900000)]
  0x000001c5a2407920 JavaThread "Execution worker Thread 6" [_thread_blocked, id=11676, stack(0x00000097d1900000,0x00000097d1a00000)]
  0x000001c5a2402280 JavaThread "Execution worker Thread 7" [_thread_blocked, id=8060, stack(0x00000097d1a00000,0x00000097d1b00000)]
  0x000001c5a2401410 JavaThread "Cache worker for execution history cache (C:\Users\ADMIN\Desktop\ANDROID\MOCK_PROJECT\MyQuizGame\.gradle\8.0\executionHistory)" [_thread_blocked, id=14840, stack(0x00000097d1b00000,0x00000097d1c00000)]
  0x000001c59c2be8f0 JavaThread "WorkerExecutor Queue" [_thread_blocked, id=10268, stack(0x00000097d1f00000,0x00000097d2000000)]
  0x000001c59c2c22b0 JavaThread "WorkerExecutor Queue Thread 2" [_thread_blocked, id=8392, stack(0x00000097d2000000,0x00000097d2100000)]
  0x000001c59c2c2780 JavaThread "WorkerExecutor Queue Thread 3" [_thread_blocked, id=15508, stack(0x00000097d2100000,0x00000097d2200000)]
  0x000001c59c2c3120 JavaThread "WorkerExecutor Queue Thread 4" [_thread_blocked, id=15276, stack(0x00000097d2200000,0x00000097d2300000)]

Other Threads:
=>0x000001c599026c40 VMThread "VM Thread" [stack: 0x00000097c8500000,0x00000097c8600000] [id=20364]
  0x000001c599204000 WatcherThread [stack: 0x00000097c9100000,0x00000097c9200000] [id=4036]
  0x000001c5fc878fe0 GCTaskThread "GC Thread#0" [stack: 0x00000097c8000000,0x00000097c8100000] [id=20868]
  0x000001c59a181000 GCTaskThread "GC Thread#1" [stack: 0x00000097c9400000,0x00000097c9500000] [id=20836]
  0x000001c59a1812b0 GCTaskThread "GC Thread#2" [stack: 0x00000097c9500000,0x00000097c9600000] [id=864]
  0x000001c59a09c240 GCTaskThread "GC Thread#3" [stack: 0x00000097c9600000,0x00000097c9700000] [id=19404]
  0x000001c59a09c4f0 GCTaskThread "GC Thread#4" [stack: 0x00000097c9700000,0x00000097c9800000] [id=5028]
  0x000001c59a09c7a0 GCTaskThread "GC Thread#5" [stack: 0x00000097c9800000,0x00000097c9900000] [id=4048]
  0x000001c59bb06bc0 GCTaskThread "GC Thread#6" [stack: 0x00000097ca300000,0x00000097ca400000] [id=21244]
  0x000001c59c831000 GCTaskThread "GC Thread#7" [stack: 0x00000097ca400000,0x00000097ca500000] [id=17176]
  0x000001c5fc889e30 ConcurrentGCThread "G1 Main Marker" [stack: 0x00000097c8100000,0x00000097c8200000] [id=13540]
  0x000001c5fc88aef0 ConcurrentGCThread "G1 Conc#0" [stack: 0x00000097c8200000,0x00000097c8300000] [id=2936]
  0x000001c59a6bfe30 ConcurrentGCThread "G1 Conc#1" [stack: 0x00000097ca500000,0x00000097ca600000] [id=16800]
  0x000001c5fc8ed830 ConcurrentGCThread "G1 Refine#0" [stack: 0x00000097c8300000,0x00000097c8400000] [id=17780]
  0x000001c59ce9ebe0 ConcurrentGCThread "G1 Refine#1" [stack: 0x00000097cb300000,0x00000097cb400000] [id=7724]
  0x000001c5a05558d0 ConcurrentGCThread "G1 Refine#2" [stack: 0x00000097d1c00000,0x00000097d1d00000] [id=15592]
  0x000001c5a0553ef0 ConcurrentGCThread "G1 Refine#3" [stack: 0x00000097d1d00000,0x00000097d1e00000] [id=11120]
  0x000001c5a0552db0 ConcurrentGCThread "G1 Refine#4" [stack: 0x00000097d1e00000,0x00000097d1f00000] [id=1640]
  0x000001c5fc8ee160 ConcurrentGCThread "G1 Service" [stack: 0x00000097c8400000,0x00000097c8500000] [id=21316]

Threads with active compile tasks:
C2 CompilerThread0    19713 15147   !   4       java.io.BufferedReader::readLine (327 bytes)
C2 CompilerThread1    19713 14970       4       java.lang.String::split (327 bytes)
C2 CompilerThread2    19713 15137       4       org.gradle.internal.snapshot.impl.AbstractValueProcessor::processValue (775 bytes)

VM state: at safepoint (normal execution)

VM Mutex/Monitor currently owned by a thread:  ([mutex/lock_event])
[0x000001c5fc8145b0] Threads_lock - owner thread: 0x000001c599026c40
[0x000001c5fc815600] Heap_lock - owner thread: 0x000001c59a0a42f0

Heap address: 0x0000000080000000, size: 2048 MB, Compressed Oops mode: 32-bit

CDS archive(s) not mapped
Compressed class space mapped at: 0x0000000100000000-0x0000000140000000, reserved size: 1073741824
Narrow klass base: 0x0000000000000000, Narrow klass shift: 3, Narrow klass range: 0x140000000

GC Precious Log:
 CPUs: 8 total, 8 available
 Memory: 16275M
 Large Page Support: Disabled
 NUMA Support: Disabled
 Compressed Oops: Enabled (32-bit)
 Heap Region Size: 1M
 Heap Min Capacity: 8M
 Heap Initial Capacity: 256M
 Heap Max Capacity: 2G
 Pre-touch: Disabled
 Parallel Workers: 8
 Concurrent Workers: 2
 Concurrent Refinement Workers: 8
 Periodic GC: Disabled

Heap:
 garbage-first heap   total 262144K, used 148387K [0x0000000080000000, 0x0000000100000000)
  region size 1024K, 7 young (7168K), 7 survivors (7168K)
 Metaspace       used 114034K, committed 114752K, reserved 1155072K
  class space    used 15157K, committed 15488K, reserved 1048576K

Heap Regions: E=young(eden), S=young(survivor), O=old, HS=humongous(starts), HC=humongous(continues), CS=collection set, F=free, OA=open archive, CA=closed archive, TAMS=top-at-mark-start (previous, next)
|   0|0x0000000080000000, 0x0000000080100000, 0x0000000080100000|100%|HS|  |TAMS 0x0000000080100000, 0x0000000080000000| Complete 
|   1|0x0000000080100000, 0x0000000080200000, 0x0000000080200000|100%|HC|  |TAMS 0x0000000080200000, 0x0000000080100000| Complete 
|   2|0x0000000080200000, 0x0000000080300000, 0x0000000080300000|100%|HC|  |TAMS 0x0000000080300000, 0x0000000080200000| Complete 
|   3|0x0000000080300000, 0x0000000080400000, 0x0000000080400000|100%|HC|  |TAMS 0x0000000080400000, 0x0000000080300000| Complete 
|   4|0x0000000080400000, 0x0000000080500000, 0x0000000080500000|100%| O|  |TAMS 0x0000000080500000, 0x0000000080400000| Untracked 
|   5|0x0000000080500000, 0x0000000080600000, 0x0000000080600000|100%| O|  |TAMS 0x0000000080600000, 0x0000000080500000| Untracked 
|   6|0x0000000080600000, 0x0000000080700000, 0x0000000080700000|100%| O|  |TAMS 0x0000000080700000, 0x0000000080600000| Untracked 
|   7|0x0000000080700000, 0x0000000080800000, 0x0000000080800000|100%| O|  |TAMS 0x0000000080800000, 0x0000000080700000| Untracked 
|   8|0x0000000080800000, 0x0000000080900000, 0x0000000080900000|100%| O|  |TAMS 0x0000000080900000, 0x0000000080800000| Untracked 
|   9|0x0000000080900000, 0x0000000080a00000, 0x0000000080a00000|100%| O|  |TAMS 0x0000000080a00000, 0x0000000080900000| Untracked 
|  10|0x0000000080a00000, 0x0000000080b00000, 0x0000000080b00000|100%| O|  |TAMS 0x0000000080b00000, 0x0000000080a00000| Untracked 
|  11|0x0000000080b00000, 0x0000000080c00000, 0x0000000080c00000|100%| O|  |TAMS 0x0000000080c00000, 0x0000000080b00000| Untracked 
|  12|0x0000000080c00000, 0x0000000080d00000, 0x0000000080d00000|100%| O|  |TAMS 0x0000000080d00000, 0x0000000080c00000| Untracked 
|  13|0x0000000080d00000, 0x0000000080e00000, 0x0000000080e00000|100%| O|  |TAMS 0x0000000080e00000, 0x0000000080d00000| Untracked 
|  14|0x0000000080e00000, 0x0000000080f00000, 0x0000000080f00000|100%| O|  |TAMS 0x0000000080f00000, 0x0000000080e00000| Untracked 
|  15|0x0000000080f00000, 0x0000000081000000, 0x0000000081000000|100%| O|  |TAMS 0x0000000081000000, 0x0000000080f00000| Untracked 
|  16|0x0000000081000000, 0x0000000081100000, 0x0000000081100000|100%| O|  |TAMS 0x0000000081100000, 0x0000000081000000| Untracked 
|  17|0x0000000081100000, 0x0000000081200000, 0x0000000081200000|100%| O|  |TAMS 0x0000000081200000, 0x0000000081100000| Untracked 
|  18|0x0000000081200000, 0x0000000081300000, 0x0000000081300000|100%| O|  |TAMS 0x0000000081300000, 0x0000000081200000| Untracked 
|  19|0x0000000081300000, 0x0000000081400000, 0x0000000081400000|100%| O|  |TAMS 0x0000000081400000, 0x0000000081300000| Untracked 
|  20|0x0000000081400000, 0x0000000081500000, 0x0000000081500000|100%| O|  |TAMS 0x0000000081500000, 0x0000000081400000| Untracked 
|  21|0x0000000081500000, 0x0000000081600000, 0x0000000081600000|100%| O|  |TAMS 0x0000000081600000, 0x0000000081500000| Untracked 
|  22|0x0000000081600000, 0x0000000081700000, 0x0000000081700000|100%| O|  |TAMS 0x0000000081700000, 0x0000000081600000| Untracked 
|  23|0x0000000081700000, 0x0000000081800000, 0x0000000081800000|100%| O|  |TAMS 0x0000000081800000, 0x0000000081700000| Untracked 
|  24|0x0000000081800000, 0x0000000081900000, 0x0000000081900000|100%| O|  |TAMS 0x0000000081900000, 0x0000000081800000| Untracked 
|  25|0x0000000081900000, 0x0000000081a00000, 0x0000000081a00000|100%| O|  |TAMS 0x0000000081a00000, 0x0000000081900000| Untracked 
|  26|0x0000000081a00000, 0x0000000081b00000, 0x0000000081b00000|100%| O|  |TAMS 0x0000000081b00000, 0x0000000081a00000| Untracked 
|  27|0x0000000081b00000, 0x0000000081c00000, 0x0000000081c00000|100%| O|  |TAMS 0x0000000081c00000, 0x0000000081b00000| Untracked 
|  28|0x0000000081c00000, 0x0000000081d00000, 0x0000000081d00000|100%| O|  |TAMS 0x0000000081d00000, 0x0000000081c00000| Untracked 
|  29|0x0000000081d00000, 0x0000000081e00000, 0x0000000081e00000|100%| O|  |TAMS 0x0000000081e00000, 0x0000000081d00000| Untracked 
|  30|0x0000000081e00000, 0x0000000081f00000, 0x0000000081f00000|100%| O|  |TAMS 0x0000000081f00000, 0x0000000081e00000| Untracked 
|  31|0x0000000081f00000, 0x0000000082000000, 0x0000000082000000|100%| O|  |TAMS 0x0000000082000000, 0x0000000081f00000| Untracked 
|  32|0x0000000082000000, 0x0000000082100000, 0x0000000082100000|100%| O|  |TAMS 0x0000000082100000, 0x0000000082000000| Untracked 
|  33|0x0000000082100000, 0x0000000082200000, 0x0000000082200000|100%| O|  |TAMS 0x0000000082200000, 0x0000000082100000| Untracked 
|  34|0x0000000082200000, 0x0000000082300000, 0x0000000082300000|100%| O|  |TAMS 0x0000000082300000, 0x0000000082200000| Untracked 
|  35|0x0000000082300000, 0x0000000082400000, 0x0000000082400000|100%|HS|  |TAMS 0x0000000082400000, 0x0000000082300000| Complete 
|  36|0x0000000082400000, 0x0000000082500000, 0x0000000082500000|100%| O|  |TAMS 0x0000000082500000, 0x0000000082400000| Untracked 
|  37|0x0000000082500000, 0x0000000082600000, 0x0000000082600000|100%| O|  |TAMS 0x0000000082600000, 0x0000000082500000| Untracked 
|  38|0x0000000082600000, 0x0000000082700000, 0x0000000082700000|100%| O|  |TAMS 0x0000000082700000, 0x0000000082600000| Untracked 
|  39|0x0000000082700000, 0x0000000082800000, 0x0000000082800000|100%| O|  |TAMS 0x0000000082700000, 0x0000000082700000| Untracked 
|  40|0x0000000082800000, 0x0000000082900000, 0x0000000082900000|100%|HS|  |TAMS 0x0000000082900000, 0x0000000082800000| Complete 
|  41|0x0000000082900000, 0x0000000082a00000, 0x0000000082a00000|100%|HS|  |TAMS 0x0000000082a00000, 0x0000000082900000| Complete 
|  42|0x0000000082a00000, 0x0000000082b00000, 0x0000000082b00000|100%|HS|  |TAMS 0x0000000082b00000, 0x0000000082a00000| Complete 
|  43|0x0000000082b00000, 0x0000000082c00000, 0x0000000082c00000|100%|HC|  |TAMS 0x0000000082c00000, 0x0000000082b00000| Complete 
|  44|0x0000000082c00000, 0x0000000082d00000, 0x0000000082d00000|100%|HS|  |TAMS 0x0000000082d00000, 0x0000000082c00000| Complete 
|  45|0x0000000082d00000, 0x0000000082e00000, 0x0000000082e00000|100%|HC|  |TAMS 0x0000000082e00000, 0x0000000082d00000| Complete 
|  46|0x0000000082e00000, 0x0000000082f00000, 0x0000000082f00000|100%|HC|  |TAMS 0x0000000082f00000, 0x0000000082e00000| Complete 
|  47|0x0000000082f00000, 0x0000000083000000, 0x0000000083000000|100%|HC|  |TAMS 0x0000000083000000, 0x0000000082f00000| Complete 
|  48|0x0000000083000000, 0x0000000083100000, 0x0000000083100000|100%| O|  |TAMS 0x0000000083100000, 0x0000000083000000| Untracked 
|  49|0x0000000083100000, 0x0000000083200000, 0x0000000083200000|100%| O|  |TAMS 0x0000000083200000, 0x0000000083100000| Untracked 
|  50|0x0000000083200000, 0x0000000083300000, 0x0000000083300000|100%| O|  |TAMS 0x0000000083300000, 0x0000000083200000| Untracked 
|  51|0x0000000083300000, 0x0000000083400000, 0x0000000083400000|100%| O|  |TAMS 0x0000000083400000, 0x0000000083300000| Untracked 
|  52|0x0000000083400000, 0x0000000083500000, 0x0000000083500000|100%| O|  |TAMS 0x0000000083500000, 0x0000000083400000| Untracked 
|  53|0x0000000083500000, 0x0000000083600000, 0x0000000083600000|100%| O|  |TAMS 0x0000000083600000, 0x0000000083500000| Untracked 
|  54|0x0000000083600000, 0x0000000083700000, 0x0000000083700000|100%| O|  |TAMS 0x0000000083700000, 0x0000000083600000| Untracked 
|  55|0x0000000083700000, 0x0000000083800000, 0x0000000083800000|100%| O|  |TAMS 0x0000000083800000, 0x0000000083700000| Untracked 
|  56|0x0000000083800000, 0x0000000083900000, 0x0000000083900000|100%| O|  |TAMS 0x0000000083900000, 0x0000000083800000| Untracked 
|  57|0x0000000083900000, 0x0000000083a00000, 0x0000000083a00000|100%| O|  |TAMS 0x0000000083a00000, 0x0000000083900000| Untracked 
|  58|0x0000000083a00000, 0x0000000083b00000, 0x0000000083b00000|100%| O|  |TAMS 0x0000000083b00000, 0x0000000083a00000| Untracked 
|  59|0x0000000083b00000, 0x0000000083c00000, 0x0000000083c00000|100%| O|  |TAMS 0x0000000083c00000, 0x0000000083b00000| Untracked 
|  60|0x0000000083c00000, 0x0000000083d00000, 0x0000000083d00000|100%| O|  |TAMS 0x0000000083d00000, 0x0000000083c00000| Untracked 
|  61|0x0000000083d00000, 0x0000000083e00000, 0x0000000083e00000|100%| O|  |TAMS 0x0000000083e00000, 0x0000000083d00000| Untracked 
|  62|0x0000000083e00000, 0x0000000083f00000, 0x0000000083f00000|100%| O|  |TAMS 0x0000000083f00000, 0x0000000083e00000| Untracked 
|  63|0x0000000083f00000, 0x0000000084000000, 0x0000000084000000|100%| O|  |TAMS 0x0000000084000000, 0x0000000083f00000| Untracked 
|  64|0x0000000084000000, 0x0000000084100000, 0x0000000084100000|100%| O|  |TAMS 0x0000000084100000, 0x0000000084000000| Untracked 
|  65|0x0000000084100000, 0x0000000084200000, 0x0000000084200000|100%| O|  |TAMS 0x0000000084200000, 0x0000000084100000| Untracked 
|  66|0x0000000084200000, 0x0000000084300000, 0x0000000084300000|100%| O|  |TAMS 0x0000000084300000, 0x0000000084200000| Untracked 
|  67|0x0000000084300000, 0x0000000084400000, 0x0000000084400000|100%| O|  |TAMS 0x0000000084400000, 0x0000000084300000| Untracked 
|  68|0x0000000084400000, 0x0000000084500000, 0x0000000084500000|100%| O|  |TAMS 0x0000000084500000, 0x0000000084400000| Untracked 
|  69|0x0000000084500000, 0x0000000084600000, 0x0000000084600000|100%| O|  |TAMS 0x0000000084600000, 0x0000000084500000| Untracked 
|  70|0x0000000084600000, 0x0000000084700000, 0x0000000084700000|100%| O|  |TAMS 0x0000000084700000, 0x0000000084600000| Untracked 
|  71|0x0000000084700000, 0x0000000084800000, 0x0000000084800000|100%| O|  |TAMS 0x0000000084700000, 0x0000000084700000| Untracked 
|  72|0x0000000084800000, 0x0000000084900000, 0x0000000084900000|100%| O|  |TAMS 0x0000000084900000, 0x0000000084800000| Untracked 
|  73|0x0000000084900000, 0x0000000084a00000, 0x0000000084a00000|100%| O|  |TAMS 0x0000000084a00000, 0x0000000084900000| Untracked 
|  74|0x0000000084a00000, 0x0000000084b00000, 0x0000000084b00000|100%| O|  |TAMS 0x0000000084b00000, 0x0000000084a00000| Untracked 
|  75|0x0000000084b00000, 0x0000000084c00000, 0x0000000084c00000|100%| O|  |TAMS 0x0000000084c00000, 0x0000000084b00000| Untracked 
|  76|0x0000000084c00000, 0x0000000084d00000, 0x0000000084d00000|100%| O|  |TAMS 0x0000000084d00000, 0x0000000084c00000| Untracked 
|  77|0x0000000084d00000, 0x0000000084e00000, 0x0000000084e00000|100%| O|  |TAMS 0x0000000084e00000, 0x0000000084d00000| Untracked 
|  78|0x0000000084e00000, 0x0000000084f00000, 0x0000000084f00000|100%| O|  |TAMS 0x0000000084f00000, 0x0000000084e00000| Untracked 
|  79|0x0000000084f00000, 0x0000000085000000, 0x0000000085000000|100%| O|  |TAMS 0x0000000085000000, 0x0000000084f00000| Untracked 
|  80|0x0000000085000000, 0x0000000085100000, 0x0000000085100000|100%| O|  |TAMS 0x0000000085100000, 0x0000000085000000| Untracked 
|  81|0x0000000085100000, 0x0000000085200000, 0x0000000085200000|100%| O|  |TAMS 0x0000000085200000, 0x0000000085100000| Untracked 
|  82|0x0000000085200000, 0x0000000085300000, 0x0000000085300000|100%| O|  |TAMS 0x0000000085300000, 0x0000000085200000| Untracked 
|  83|0x0000000085300000, 0x0000000085400000, 0x0000000085400000|100%| O|  |TAMS 0x0000000085400000, 0x0000000085300000| Untracked 
|  84|0x0000000085400000, 0x0000000085500000, 0x0000000085500000|100%| O|  |TAMS 0x0000000085500000, 0x0000000085400000| Untracked 
|  85|0x0000000085500000, 0x0000000085600000, 0x0000000085600000|100%| O|  |TAMS 0x0000000085600000, 0x0000000085500000| Untracked 
|  86|0x0000000085600000, 0x0000000085700000, 0x0000000085700000|100%| O|  |TAMS 0x0000000085700000, 0x0000000085600000| Untracked 
|  87|0x0000000085700000, 0x0000000085800000, 0x0000000085800000|100%| O|  |TAMS 0x0000000085800000, 0x0000000085700000| Untracked 
|  88|0x0000000085800000, 0x0000000085900000, 0x0000000085900000|100%| O|  |TAMS 0x0000000085900000, 0x0000000085800000| Untracked 
|  89|0x0000000085900000, 0x0000000085a00000, 0x0000000085a00000|100%| O|  |TAMS 0x0000000085a00000, 0x0000000085900000| Untracked 
|  90|0x0000000085a00000, 0x0000000085b00000, 0x0000000085b00000|100%| O|  |TAMS 0x0000000085b00000, 0x0000000085a00000| Untracked 
|  91|0x0000000085b00000, 0x0000000085c00000, 0x0000000085c00000|100%| O|  |TAMS 0x0000000085c00000, 0x0000000085b00000| Untracked 
|  92|0x0000000085c00000, 0x0000000085d00000, 0x0000000085d00000|100%| O|  |TAMS 0x0000000085d00000, 0x0000000085c00000| Untracked 
|  93|0x0000000085d00000, 0x0000000085e00000, 0x0000000085e00000|100%| O|  |TAMS 0x0000000085e00000, 0x0000000085d00000| Untracked 
|  94|0x0000000085e00000, 0x0000000085f00000, 0x0000000085f00000|100%| O|  |TAMS 0x0000000085f00000, 0x0000000085e00000| Untracked 
|  95|0x0000000085f00000, 0x0000000086000000, 0x0000000086000000|100%| O|  |TAMS 0x0000000085f00000, 0x0000000085f00000| Untracked 
|  96|0x0000000086000000, 0x0000000086100000, 0x0000000086100000|100%| O|  |TAMS 0x0000000086000000, 0x0000000086000000| Untracked 
|  97|0x0000000086100000, 0x0000000086200000, 0x0000000086200000|100%| O|  |TAMS 0x0000000086200000, 0x0000000086100000| Untracked 
|  98|0x0000000086200000, 0x0000000086300000, 0x0000000086300000|100%| O|  |TAMS 0x0000000086300000, 0x0000000086200000| Untracked 
|  99|0x0000000086300000, 0x0000000086400000, 0x0000000086400000|100%| O|  |TAMS 0x0000000086400000, 0x0000000086300000| Untracked 
| 100|0x0000000086400000, 0x0000000086500000, 0x0000000086500000|100%| O|  |TAMS 0x0000000086500000, 0x0000000086400000| Untracked 
| 101|0x0000000086500000, 0x0000000086600000, 0x0000000086600000|100%| O|  |TAMS 0x0000000086600000, 0x0000000086500000| Untracked 
| 102|0x0000000086600000, 0x0000000086700000, 0x0000000086700000|100%| O|  |TAMS 0x0000000086700000, 0x0000000086600000| Untracked 
| 103|0x0000000086700000, 0x0000000086800000, 0x0000000086800000|100%| O|  |TAMS 0x0000000086800000, 0x0000000086700000| Untracked 
| 104|0x0000000086800000, 0x0000000086900000, 0x0000000086900000|100%| O|  |TAMS 0x0000000086900000, 0x0000000086800000| Untracked 
| 105|0x0000000086900000, 0x0000000086a00000, 0x0000000086a00000|100%| O|  |TAMS 0x0000000086a00000, 0x0000000086900000| Untracked 
| 106|0x0000000086a00000, 0x0000000086b00000, 0x0000000086b00000|100%| O|  |TAMS 0x0000000086b00000, 0x0000000086a00000| Untracked 
| 107|0x0000000086b00000, 0x0000000086c00000, 0x0000000086c00000|100%| O|  |TAMS 0x0000000086c00000, 0x0000000086b00000| Untracked 
| 108|0x0000000086c00000, 0x0000000086d00000, 0x0000000086d00000|100%| O|  |TAMS 0x0000000086d00000, 0x0000000086c00000| Untracked 
| 109|0x0000000086d00000, 0x0000000086e00000, 0x0000000086e00000|100%| O|  |TAMS 0x0000000086e00000, 0x0000000086d00000| Untracked 
| 110|0x0000000086e00000, 0x0000000086f00000, 0x0000000086f00000|100%| O|  |TAMS 0x0000000086f00000, 0x0000000086e00000| Untracked 
| 111|0x0000000086f00000, 0x0000000087000000, 0x0000000087000000|100%| O|  |TAMS 0x0000000086f4a400, 0x0000000086f00000| Untracked 
| 112|0x0000000087000000, 0x0000000087100000, 0x0000000087100000|100%| O|  |TAMS 0x0000000087000000, 0x0000000087000000| Untracked 
| 113|0x0000000087100000, 0x0000000087200000, 0x0000000087200000|100%| O|  |TAMS 0x0000000087100000, 0x0000000087100000| Untracked 
| 114|0x0000000087200000, 0x0000000087300000, 0x0000000087300000|100%| O|  |TAMS 0x0000000087200000, 0x0000000087200000| Untracked 
| 115|0x0000000087300000, 0x0000000087400000, 0x0000000087400000|100%| O|  |TAMS 0x0000000087300000, 0x0000000087300000| Untracked 
| 116|0x0000000087400000, 0x0000000087500000, 0x0000000087500000|100%| O|  |TAMS 0x0000000087400000, 0x0000000087400000| Untracked 
| 117|0x0000000087500000, 0x0000000087600000, 0x0000000087600000|100%| O|  |TAMS 0x0000000087500000, 0x0000000087500000| Untracked 
| 118|0x0000000087600000, 0x0000000087700000, 0x0000000087700000|100%| O|  |TAMS 0x0000000087600000, 0x0000000087600000| Untracked 
| 119|0x0000000087700000, 0x0000000087800000, 0x0000000087800000|100%| O|  |TAMS 0x0000000087700000, 0x0000000087700000| Untracked 
| 120|0x0000000087800000, 0x0000000087900000, 0x0000000087900000|100%| O|  |TAMS 0x0000000087800000, 0x0000000087800000| Untracked 
| 121|0x0000000087900000, 0x0000000087a00000, 0x0000000087a00000|100%| O|  |TAMS 0x0000000087900000, 0x0000000087900000| Untracked 
| 122|0x0000000087a00000, 0x0000000087b00000, 0x0000000087b00000|100%| O|  |TAMS 0x0000000087a00000, 0x0000000087a00000| Untracked 
| 123|0x0000000087b00000, 0x0000000087c00000, 0x0000000087c00000|100%| O|  |TAMS 0x0000000087b00000, 0x0000000087b00000| Untracked 
| 124|0x0000000087c00000, 0x0000000087d00000, 0x0000000087d00000|100%| O|  |TAMS 0x0000000087c00000, 0x0000000087c00000| Untracked 
| 125|0x0000000087d00000, 0x0000000087e00000, 0x0000000087e00000|100%| O|  |TAMS 0x0000000087d00000, 0x0000000087d00000| Untracked 
| 126|0x0000000087e00000, 0x0000000087f00000, 0x0000000087f00000|100%| O|  |TAMS 0x0000000087e00000, 0x0000000087e00000| Untracked 
| 127|0x0000000087f00000, 0x0000000088000000, 0x0000000088000000|100%| O|  |TAMS 0x0000000087f00000, 0x0000000087f00000| Untracked 
| 128|0x0000000088000000, 0x0000000088100000, 0x0000000088100000|100%| O|  |TAMS 0x0000000088000000, 0x0000000088000000| Untracked 
| 129|0x0000000088100000, 0x0000000088200000, 0x0000000088200000|100%| O|  |TAMS 0x0000000088100000, 0x0000000088100000| Untracked 
| 130|0x0000000088200000, 0x0000000088300000, 0x0000000088300000|100%| O|  |TAMS 0x0000000088200000, 0x0000000088200000| Untracked 
| 131|0x0000000088300000, 0x0000000088400000, 0x0000000088400000|100%| O|  |TAMS 0x0000000088300000, 0x0000000088300000| Untracked 
| 132|0x0000000088400000, 0x0000000088500000, 0x0000000088500000|100%| O|  |TAMS 0x0000000088400000, 0x0000000088400000| Untracked 
| 133|0x0000000088500000, 0x0000000088600000, 0x0000000088600000|100%| O|  |TAMS 0x0000000088500000, 0x0000000088500000| Untracked 
| 134|0x0000000088600000, 0x0000000088700000, 0x0000000088700000|100%| O|  |TAMS 0x0000000088600000, 0x0000000088600000| Untracked 
| 135|0x0000000088700000, 0x000000008876b400, 0x0000000088800000| 41%| O|  |TAMS 0x0000000088700000, 0x0000000088700000| Untracked 
| 136|0x0000000088800000, 0x0000000088800000, 0x0000000088900000|  0%| F|  |TAMS 0x0000000088800000, 0x0000000088800000| Untracked 
| 137|0x0000000088900000, 0x0000000088900000, 0x0000000088a00000|  0%| F|  |TAMS 0x0000000088900000, 0x0000000088900000| Untracked 
| 138|0x0000000088a00000, 0x0000000088a00000, 0x0000000088b00000|  0%| F|  |TAMS 0x0000000088a00000, 0x0000000088a00000| Untracked 
| 139|0x0000000088b00000, 0x0000000088b00000, 0x0000000088c00000|  0%| F|  |TAMS 0x0000000088b00000, 0x0000000088b00000| Untracked 
| 140|0x0000000088c00000, 0x0000000088d00000, 0x0000000088d00000|100%| O|  |TAMS 0x0000000088c00000, 0x0000000088c00000| Untracked 
| 141|0x0000000088d00000, 0x0000000088e00000, 0x0000000088e00000|100%| O|  |TAMS 0x0000000088d00000, 0x0000000088d00000| Untracked 
| 142|0x0000000088e00000, 0x0000000088f00000, 0x0000000088f00000|100%| O|  |TAMS 0x0000000088e00000, 0x0000000088e00000| Untracked 
| 143|0x0000000088f00000, 0x0000000088f00000, 0x0000000089000000|  0%| F|  |TAMS 0x0000000088f00000, 0x0000000088f00000| Untracked 
| 144|0x0000000089000000, 0x0000000089000000, 0x0000000089100000|  0%| F|  |TAMS 0x0000000089000000, 0x0000000089000000| Untracked 
| 145|0x0000000089100000, 0x0000000089100000, 0x0000000089200000|  0%| F|  |TAMS 0x0000000089100000, 0x0000000089100000| Untracked 
| 146|0x0000000089200000, 0x0000000089200000, 0x0000000089300000|  0%| F|  |TAMS 0x0000000089200000, 0x0000000089200000| Untracked 
| 147|0x0000000089300000, 0x0000000089300000, 0x0000000089400000|  0%| F|  |TAMS 0x0000000089300000, 0x0000000089300000| Untracked 
| 148|0x0000000089400000, 0x0000000089400000, 0x0000000089500000|  0%| F|  |TAMS 0x0000000089400000, 0x0000000089400000| Untracked 
| 149|0x0000000089500000, 0x0000000089500000, 0x0000000089600000|  0%| F|  |TAMS 0x0000000089500000, 0x0000000089500000| Untracked 
| 150|0x0000000089600000, 0x0000000089600000, 0x0000000089700000|  0%| F|  |TAMS 0x0000000089600000, 0x0000000089600000| Untracked 
| 151|0x0000000089700000, 0x0000000089700000, 0x0000000089800000|  0%| F|  |TAMS 0x0000000089700000, 0x0000000089700000| Untracked 
| 152|0x0000000089800000, 0x0000000089800000, 0x0000000089900000|  0%| F|  |TAMS 0x0000000089800000, 0x0000000089800000| Untracked 
| 153|0x0000000089900000, 0x0000000089900000, 0x0000000089a00000|  0%| F|  |TAMS 0x0000000089900000, 0x0000000089900000| Untracked 
| 154|0x0000000089a00000, 0x0000000089a00000, 0x0000000089b00000|  0%| F|  |TAMS 0x0000000089a00000, 0x0000000089a00000| Untracked 
| 155|0x0000000089b00000, 0x0000000089b00000, 0x0000000089c00000|  0%| F|  |TAMS 0x0000000089b00000, 0x0000000089b00000| Untracked 
| 156|0x0000000089c00000, 0x0000000089c00000, 0x0000000089d00000|  0%| F|  |TAMS 0x0000000089c00000, 0x0000000089c00000| Untracked 
| 157|0x0000000089d00000, 0x0000000089d00000, 0x0000000089e00000|  0%| F|  |TAMS 0x0000000089d00000, 0x0000000089d00000| Untracked 
| 158|0x0000000089e00000, 0x0000000089e00000, 0x0000000089f00000|  0%| F|  |TAMS 0x0000000089e00000, 0x0000000089e00000| Untracked 
| 159|0x0000000089f00000, 0x0000000089f00000, 0x000000008a000000|  0%| F|  |TAMS 0x0000000089f00000, 0x0000000089f00000| Untracked 
| 160|0x000000008a000000, 0x000000008a000000, 0x000000008a100000|  0%| F|  |TAMS 0x000000008a000000, 0x000000008a000000| Untracked 
| 161|0x000000008a100000, 0x000000008a100000, 0x000000008a200000|  0%| F|  |TAMS 0x000000008a100000, 0x000000008a100000| Untracked 
| 162|0x000000008a200000, 0x000000008a200000, 0x000000008a300000|  0%| F|  |TAMS 0x000000008a200000, 0x000000008a200000| Untracked 
| 163|0x000000008a300000, 0x000000008a300000, 0x000000008a400000|  0%| F|  |TAMS 0x000000008a300000, 0x000000008a300000| Untracked 
| 164|0x000000008a400000, 0x000000008a400000, 0x000000008a500000|  0%| F|  |TAMS 0x000000008a400000, 0x000000008a400000| Untracked 
| 165|0x000000008a500000, 0x000000008a500000, 0x000000008a600000|  0%| F|  |TAMS 0x000000008a500000, 0x000000008a500000| Untracked 
| 166|0x000000008a600000, 0x000000008a600000, 0x000000008a700000|  0%| F|  |TAMS 0x000000008a600000, 0x000000008a600000| Untracked 
| 167|0x000000008a700000, 0x000000008a700000, 0x000000008a800000|  0%| F|  |TAMS 0x000000008a700000, 0x000000008a700000| Untracked 
| 168|0x000000008a800000, 0x000000008a800000, 0x000000008a900000|  0%| F|  |TAMS 0x000000008a800000, 0x000000008a800000| Untracked 
| 169|0x000000008a900000, 0x000000008a900000, 0x000000008aa00000|  0%| F|  |TAMS 0x000000008a900000, 0x000000008a900000| Untracked 
| 170|0x000000008aa00000, 0x000000008aa00000, 0x000000008ab00000|  0%| F|  |TAMS 0x000000008aa00000, 0x000000008aa00000| Untracked 
| 171|0x000000008ab00000, 0x000000008ab7da40, 0x000000008ac00000| 49%| S|CS|TAMS 0x000000008ab00000, 0x000000008ab00000| Complete 
| 172|0x000000008ac00000, 0x000000008ad00000, 0x000000008ad00000|100%| S|CS|TAMS 0x000000008ac00000, 0x000000008ac00000| Complete 
| 173|0x000000008ad00000, 0x000000008ae00000, 0x000000008ae00000|100%| S|CS|TAMS 0x000000008ad00000, 0x000000008ad00000| Complete 
| 174|0x000000008ae00000, 0x000000008af00000, 0x000000008af00000|100%| S|CS|TAMS 0x000000008ae00000, 0x000000008ae00000| Complete 
| 175|0x000000008af00000, 0x000000008b000000, 0x000000008b000000|100%| S|CS|TAMS 0x000000008af00000, 0x000000008af00000| Complete 
| 176|0x000000008b000000, 0x000000008b100000, 0x000000008b100000|100%| S|CS|TAMS 0x000000008b000000, 0x000000008b000000| Complete 
| 177|0x000000008b100000, 0x000000008b200000, 0x000000008b200000|100%| S|CS|TAMS 0x000000008b100000, 0x000000008b100000| Complete 
| 178|0x000000008b200000, 0x000000008b200000, 0x000000008b300000|  0%| F|  |TAMS 0x000000008b200000, 0x000000008b200000| Untracked 
| 179|0x000000008b300000, 0x000000008b300000, 0x000000008b400000|  0%| F|  |TAMS 0x000000008b300000, 0x000000008b300000| Untracked 
| 180|0x000000008b400000, 0x000000008b400000, 0x000000008b500000|  0%| F|  |TAMS 0x000000008b400000, 0x000000008b400000| Untracked 
| 181|0x000000008b500000, 0x000000008b500000, 0x000000008b600000|  0%| F|  |TAMS 0x000000008b500000, 0x000000008b500000| Untracked 
| 182|0x000000008b600000, 0x000000008b600000, 0x000000008b700000|  0%| F|  |TAMS 0x000000008b600000, 0x000000008b600000| Untracked 
| 183|0x000000008b700000, 0x000000008b700000, 0x000000008b800000|  0%| F|  |TAMS 0x000000008b700000, 0x000000008b700000| Untracked 
| 184|0x000000008b800000, 0x000000008b800000, 0x000000008b900000|  0%| F|  |TAMS 0x000000008b800000, 0x000000008b800000| Untracked 
| 185|0x000000008b900000, 0x000000008b900000, 0x000000008ba00000|  0%| F|  |TAMS 0x000000008b900000, 0x000000008b900000| Untracked 
| 186|0x000000008ba00000, 0x000000008ba00000, 0x000000008bb00000|  0%| F|  |TAMS 0x000000008ba00000, 0x000000008ba00000| Untracked 
| 187|0x000000008bb00000, 0x000000008bb00000, 0x000000008bc00000|  0%| F|  |TAMS 0x000000008bb00000, 0x000000008bb00000| Untracked 
| 188|0x000000008bc00000, 0x000000008bc00000, 0x000000008bd00000|  0%| F|  |TAMS 0x000000008bc00000, 0x000000008bc00000| Untracked 
| 189|0x000000008bd00000, 0x000000008bd00000, 0x000000008be00000|  0%| F|  |TAMS 0x000000008bd00000, 0x000000008bd00000| Untracked 
| 190|0x000000008be00000, 0x000000008be00000, 0x000000008bf00000|  0%| F|  |TAMS 0x000000008be00000, 0x000000008be00000| Untracked 
| 191|0x000000008bf00000, 0x000000008bf00000, 0x000000008c000000|  0%| F|  |TAMS 0x000000008bf00000, 0x000000008bf00000| Untracked 
| 192|0x000000008c000000, 0x000000008c000000, 0x000000008c100000|  0%| F|  |TAMS 0x000000008c000000, 0x000000008c000000| Untracked 
| 193|0x000000008c100000, 0x000000008c100000, 0x000000008c200000|  0%| F|  |TAMS 0x000000008c100000, 0x000000008c100000| Untracked 
| 194|0x000000008c200000, 0x000000008c200000, 0x000000008c300000|  0%| F|  |TAMS 0x000000008c200000, 0x000000008c200000| Untracked 
| 195|0x000000008c300000, 0x000000008c300000, 0x000000008c400000|  0%| F|  |TAMS 0x000000008c300000, 0x000000008c300000| Untracked 
| 196|0x000000008c400000, 0x000000008c400000, 0x000000008c500000|  0%| F|  |TAMS 0x000000008c400000, 0x000000008c400000| Untracked 
| 197|0x000000008c500000, 0x000000008c500000, 0x000000008c600000|  0%| F|  |TAMS 0x000000008c500000, 0x000000008c500000| Untracked 
| 198|0x000000008c600000, 0x000000008c600000, 0x000000008c700000|  0%| F|  |TAMS 0x000000008c600000, 0x000000008c600000| Untracked 
| 199|0x000000008c700000, 0x000000008c700000, 0x000000008c800000|  0%| F|  |TAMS 0x000000008c700000, 0x000000008c700000| Untracked 
| 200|0x000000008c800000, 0x000000008c800000, 0x000000008c900000|  0%| F|  |TAMS 0x000000008c800000, 0x000000008c800000| Untracked 
| 201|0x000000008c900000, 0x000000008c900000, 0x000000008ca00000|  0%| F|  |TAMS 0x000000008c900000, 0x000000008c900000| Untracked 
| 202|0x000000008ca00000, 0x000000008ca00000, 0x000000008cb00000|  0%| F|  |TAMS 0x000000008ca00000, 0x000000008ca00000| Untracked 
| 203|0x000000008cb00000, 0x000000008cb00000, 0x000000008cc00000|  0%| F|  |TAMS 0x000000008cb00000, 0x000000008cb00000| Untracked 
| 204|0x000000008cc00000, 0x000000008cc00000, 0x000000008cd00000|  0%| F|  |TAMS 0x000000008cc00000, 0x000000008cc00000| Untracked 
| 205|0x000000008cd00000, 0x000000008cd00000, 0x000000008ce00000|  0%| F|  |TAMS 0x000000008cd00000, 0x000000008cd00000| Untracked 
| 206|0x000000008ce00000, 0x000000008ce00000, 0x000000008cf00000|  0%| F|  |TAMS 0x000000008ce00000, 0x000000008ce00000| Untracked 
| 207|0x000000008cf00000, 0x000000008cf00000, 0x000000008d000000|  0%| F|  |TAMS 0x000000008cf00000, 0x000000008cf00000| Untracked 
| 208|0x000000008d000000, 0x000000008d000000, 0x000000008d100000|  0%| F|  |TAMS 0x000000008d000000, 0x000000008d000000| Untracked 
| 209|0x000000008d100000, 0x000000008d100000, 0x000000008d200000|  0%| F|  |TAMS 0x000000008d100000, 0x000000008d100000| Untracked 
| 210|0x000000008d200000, 0x000000008d200000, 0x000000008d300000|  0%| F|  |TAMS 0x000000008d200000, 0x000000008d200000| Untracked 
| 211|0x000000008d300000, 0x000000008d300000, 0x000000008d400000|  0%| F|  |TAMS 0x000000008d300000, 0x000000008d300000| Untracked 
| 212|0x000000008d400000, 0x000000008d400000, 0x000000008d500000|  0%| F|  |TAMS 0x000000008d400000, 0x000000008d400000| Untracked 
| 213|0x000000008d500000, 0x000000008d500000, 0x000000008d600000|  0%| F|  |TAMS 0x000000008d500000, 0x000000008d500000| Untracked 
| 214|0x000000008d600000, 0x000000008d600000, 0x000000008d700000|  0%| F|  |TAMS 0x000000008d600000, 0x000000008d600000| Untracked 
| 215|0x000000008d700000, 0x000000008d700000, 0x000000008d800000|  0%| F|  |TAMS 0x000000008d700000, 0x000000008d700000| Untracked 
| 216|0x000000008d800000, 0x000000008d800000, 0x000000008d900000|  0%| F|  |TAMS 0x000000008d800000, 0x000000008d800000| Untracked 
| 217|0x000000008d900000, 0x000000008d900000, 0x000000008da00000|  0%| F|  |TAMS 0x000000008d900000, 0x000000008d900000| Untracked 
| 218|0x000000008da00000, 0x000000008da00000, 0x000000008db00000|  0%| F|  |TAMS 0x000000008da00000, 0x000000008da00000| Untracked 
| 219|0x000000008db00000, 0x000000008db00000, 0x000000008dc00000|  0%| F|  |TAMS 0x000000008db00000, 0x000000008db00000| Untracked 
| 220|0x000000008dc00000, 0x000000008dc00000, 0x000000008dd00000|  0%| F|  |TAMS 0x000000008dc00000, 0x000000008dc00000| Untracked 
| 221|0x000000008dd00000, 0x000000008dd00000, 0x000000008de00000|  0%| F|  |TAMS 0x000000008dd00000, 0x000000008dd00000| Untracked 
| 222|0x000000008de00000, 0x000000008de00000, 0x000000008df00000|  0%| F|  |TAMS 0x000000008de00000, 0x000000008de00000| Untracked 
| 223|0x000000008df00000, 0x000000008df00000, 0x000000008e000000|  0%| F|  |TAMS 0x000000008df00000, 0x000000008df00000| Untracked 
| 224|0x000000008e000000, 0x000000008e000000, 0x000000008e100000|  0%| F|  |TAMS 0x000000008e000000, 0x000000008e000000| Untracked 
| 225|0x000000008e100000, 0x000000008e100000, 0x000000008e200000|  0%| F|  |TAMS 0x000000008e100000, 0x000000008e100000| Untracked 
| 226|0x000000008e200000, 0x000000008e200000, 0x000000008e300000|  0%| F|  |TAMS 0x000000008e200000, 0x000000008e200000| Untracked 
| 227|0x000000008e300000, 0x000000008e300000, 0x000000008e400000|  0%| F|  |TAMS 0x000000008e300000, 0x000000008e300000| Untracked 
| 228|0x000000008e400000, 0x000000008e400000, 0x000000008e500000|  0%| F|  |TAMS 0x000000008e400000, 0x000000008e400000| Untracked 
| 229|0x000000008e500000, 0x000000008e500000, 0x000000008e600000|  0%| F|  |TAMS 0x000000008e500000, 0x000000008e500000| Untracked 
| 230|0x000000008e600000, 0x000000008e600000, 0x000000008e700000|  0%| F|  |TAMS 0x000000008e600000, 0x000000008e600000| Untracked 
| 231|0x000000008e700000, 0x000000008e700000, 0x000000008e800000|  0%| F|  |TAMS 0x000000008e700000, 0x000000008e700000| Untracked 
| 232|0x000000008e800000, 0x000000008e800000, 0x000000008e900000|  0%| F|  |TAMS 0x000000008e800000, 0x000000008e800000| Untracked 
| 233|0x000000008e900000, 0x000000008e900000, 0x000000008ea00000|  0%| F|  |TAMS 0x000000008e900000, 0x000000008e900000| Untracked 
| 234|0x000000008ea00000, 0x000000008ea00000, 0x000000008eb00000|  0%| F|  |TAMS 0x000000008ea00000, 0x000000008ea00000| Untracked 
| 235|0x000000008eb00000, 0x000000008eb00000, 0x000000008ec00000|  0%| F|  |TAMS 0x000000008eb00000, 0x000000008eb00000| Untracked 
| 236|0x000000008ec00000, 0x000000008ec00000, 0x000000008ed00000|  0%| F|  |TAMS 0x000000008ec00000, 0x000000008ec00000| Untracked 
| 237|0x000000008ed00000, 0x000000008ed00000, 0x000000008ee00000|  0%| F|  |TAMS 0x000000008ed00000, 0x000000008ed00000| Untracked 
| 238|0x000000008ee00000, 0x000000008ee00000, 0x000000008ef00000|  0%| F|  |TAMS 0x000000008ee00000, 0x000000008ee00000| Untracked 
| 239|0x000000008ef00000, 0x000000008ef00000, 0x000000008f000000|  0%| F|  |TAMS 0x000000008ef00000, 0x000000008ef00000| Untracked 
| 240|0x000000008f000000, 0x000000008f000000, 0x000000008f100000|  0%| F|  |TAMS 0x000000008f000000, 0x000000008f000000| Untracked 
| 241|0x000000008f100000, 0x000000008f100000, 0x000000008f200000|  0%| F|  |TAMS 0x000000008f100000, 0x000000008f100000| Untracked 
| 242|0x000000008f200000, 0x000000008f200000, 0x000000008f300000|  0%| F|  |TAMS 0x000000008f200000, 0x000000008f200000| Untracked 
| 243|0x000000008f300000, 0x000000008f300000, 0x000000008f400000|  0%| F|  |TAMS 0x000000008f300000, 0x000000008f300000| Untracked 
| 244|0x000000008f400000, 0x000000008f400000, 0x000000008f500000|  0%| F|  |TAMS 0x000000008f400000, 0x000000008f400000| Untracked 
| 245|0x000000008f500000, 0x000000008f500000, 0x000000008f600000|  0%| F|  |TAMS 0x000000008f500000, 0x000000008f500000| Untracked 
| 246|0x000000008f600000, 0x000000008f600000, 0x000000008f700000|  0%| F|  |TAMS 0x000000008f600000, 0x000000008f600000| Untracked 
| 247|0x000000008f700000, 0x000000008f700000, 0x000000008f800000|  0%| F|  |TAMS 0x000000008f700000, 0x000000008f700000| Untracked 
| 248|0x000000008f800000, 0x000000008f800000, 0x000000008f900000|  0%| F|  |TAMS 0x000000008f800000, 0x000000008f800000| Untracked 
| 249|0x000000008f900000, 0x000000008f900000, 0x000000008fa00000|  0%| F|  |TAMS 0x000000008f900000, 0x000000008f900000| Untracked 
| 250|0x000000008fa00000, 0x000000008fa00000, 0x000000008fb00000|  0%| F|  |TAMS 0x000000008fa00000, 0x000000008fa00000| Untracked 
| 251|0x000000008fb00000, 0x000000008fb00000, 0x000000008fc00000|  0%| F|  |TAMS 0x000000008fb00000, 0x000000008fb00000| Untracked 
| 252|0x000000008fc00000, 0x000000008fc00000, 0x000000008fd00000|  0%| F|  |TAMS 0x000000008fc00000, 0x000000008fc00000| Untracked 
| 253|0x000000008fd00000, 0x000000008fd00000, 0x000000008fe00000|  0%| F|  |TAMS 0x000000008fd00000, 0x000000008fd00000| Untracked 
| 254|0x000000008fe00000, 0x000000008fe00000, 0x000000008ff00000|  0%| F|  |TAMS 0x000000008fe00000, 0x000000008fe00000| Untracked 
| 255|0x000000008ff00000, 0x000000008ff00000, 0x0000000090000000|  0%| F|  |TAMS 0x000000008ff00000, 0x000000008ff00000| Untracked 

Card table byte_map: [0x000001c5fef40000,0x000001c5ff340000] _byte_map_base: 0x000001c5feb40000

Marking Bits (Prev, Next): (CMBitMap*) 0x000001c5fc879540, (CMBitMap*) 0x000001c5fc879500
 Prev Bits: [0x000001c594400000, 0x000001c596400000)
 Next Bits: [0x000001c592400000, 0x000001c594400000)

Polling page: 0x000001c5fe0a0000

Metaspace:

Usage:
  Non-class:     96.56 MB used.
      Class:     14.80 MB used.
       Both:    111.36 MB used.

Virtual space:
  Non-class space:      104.00 MB reserved,      96.94 MB ( 93%) committed,  13 nodes.
      Class space:        1.00 GB reserved,      15.12 MB (  1%) committed,  1 nodes.
             Both:        1.10 GB reserved,     112.06 MB ( 10%) committed. 

Chunk freelists:
   Non-Class:  2.95 MB
       Class:  902.00 KB
        Both:  3.83 MB

MaxMetaspaceSize: unlimited
CompressedClassSpaceSize: 1.00 GB
Initial GC threshold: 21.00 MB
Current GC threshold: 170.88 MB
CDS: off
MetaspaceReclaimPolicy: balanced
 - commit_granule_bytes: 65536.
 - commit_granule_words: 8192.
 - virtual_space_node_default_size: 1048576.
 - enlarge_chunks_in_place: 1.
 - new_chunks_are_fully_committed: 0.
 - uncommit_free_chunks: 1.
 - use_allocation_guard: 0.
 - handle_deallocations: 1.


Internal statistics:

num_allocs_failed_limit: 6.
num_arena_births: 1168.
num_arena_deaths: 14.
num_vsnodes_births: 14.
num_vsnodes_deaths: 0.
num_space_committed: 1791.
num_space_uncommitted: 0.
num_chunks_returned_to_freelist: 26.
num_chunks_taken_from_freelist: 5445.
num_chunk_merges: 15.
num_chunk_splits: 3647.
num_chunks_enlarged: 2477.
num_purges: 2.
num_inconsistent_stats: 0.

CodeHeap 'non-profiled nmethods': size=120000Kb used=8151Kb max_used=8156Kb free=111848Kb
 bounds [0x000001c58aed0000, 0x000001c58b6d0000, 0x000001c592400000]
CodeHeap 'profiled nmethods': size=120000Kb used=24907Kb max_used=24965Kb free=95092Kb
 bounds [0x000001c583400000, 0x000001c584c70000, 0x000001c58a930000]
CodeHeap 'non-nmethods': size=5760Kb used=2423Kb max_used=2523Kb free=3337Kb
 bounds [0x000001c58a930000, 0x000001c58abd0000, 0x000001c58aed0000]
 total_blobs=13708 nmethods=12746 adapters=874
 compilation: enabled
              stopped_count=0, restarted_count=0
 full_count=0

Compilation events (20 events):
Event: 19.634 Thread 0x000001c599080a70 15202       3       org.gradle.api.internal.artifacts.transform.DefaultTransformerInvocationFactory$AbstractTransformerExecution::getWorkspaceProvider (10 bytes)
Event: 19.634 Thread 0x000001c599080a70 nmethod 15202 0x000001c584c58890 code [0x000001c584c58a40, 0x000001c584c58c08]
Event: 19.634 Thread 0x000001c599080a70 15204       3       org.gradle.api.internal.artifacts.transform.ImmutableTransformationWorkspaceServices::getWorkspaceProvider (5 bytes)
Event: 19.635 Thread 0x000001c599080a70 nmethod 15204 0x000001c584c58d10 code [0x000001c584c58ea0, 0x000001c584c58fd8]
Event: 19.635 Thread 0x000001c599080a70 15206       3       org.gradle.internal.execution.steps.CaptureStateBeforeExecutionStep::captureExecutionStateWithOutputs (195 bytes)
Event: 19.638 Thread 0x000001c599080a70 nmethod 15206 0x000001c584c59090 code [0x000001c584c59620, 0x000001c584c5c9c8]
Event: 19.638 Thread 0x000001c599080a70 15208       3       org.gradle.internal.execution.steps.ResolveChangesStep::resolveExecutionStateChanges (47 bytes)
Event: 19.640 Thread 0x000001c599080a70 nmethod 15208 0x000001c584c5dc90 code [0x000001c584c5e0a0, 0x000001c584c600e8]
Event: 19.640 Thread 0x000001c599080a70 15196       3       org.gradle.internal.execution.UnitOfWork::getOverlappingOutputHandling (4 bytes)
Event: 19.640 Thread 0x000001c599080a70 nmethod 15196 0x000001c58342ce90 code [0x000001c58342d020, 0x000001c58342d138]
Event: 19.640 Thread 0x000001c599080a70 15211       3       java.nio.charset.CharsetDecoder::implReset (1 bytes)
Event: 19.641 Thread 0x000001c599080a70 nmethod 15211 0x000001c5835f6210 code [0x000001c5835f63a0, 0x000001c5835f64b8]
Event: 19.641 Thread 0x000001c599080a70 15209       3       org.gradle.internal.execution.steps.ResolveChangesStep$$Lambda$520/0x00000001005e16f0::<init> (32 bytes)
Event: 19.641 Thread 0x000001c599080a70 nmethod 15209 0x000001c583734490 code [0x000001c583734640, 0x000001c583734978]
Event: 19.641 Thread 0x000001c599080a70 15197       3       org.gradle.internal.execution.steps.SkipUpToDateStep$$Lambda$530/0x00000001005ed720::<init> (10 bytes)
Event: 19.641 Thread 0x000001c599080a70 nmethod 15197 0x000001c583482f10 code [0x000001c5834830a0, 0x000001c583483258]
Event: 19.641 Thread 0x000001c599080a70 15212       3       org.gradle.internal.Deferrable$$Lambda$1212/0x0000000100da2580::get (14 bytes)
Event: 19.642 Thread 0x000001c599080a70 nmethod 15212 0x000001c584c60b90 code [0x000001c584c60d80, 0x000001c584c61308]
Event: 19.645 Thread 0x000001c599080a70 15213       2       java.util.concurrent.ConcurrentHashMap::get (162 bytes)
Event: 19.646 Thread 0x000001c599080a70 nmethod 15213 0x000001c584c61490 code [0x000001c584c616a0, 0x000001c584c61be8]

GC Heap History (20 events):
Event: 15.476 GC heap after
{Heap after GC invocations=46 (full 0):
 garbage-first heap   total 215040K, used 96708K [0x0000000080000000, 0x0000000100000000)
  region size 1024K, 11 young (11264K), 11 survivors (11264K)
 Metaspace       used 99302K, committed 100032K, reserved 1138688K
  class space    used 13500K, committed 13824K, reserved 1048576K
}
Event: 15.485 GC heap before
{Heap before GC invocations=46 (full 0):
 garbage-first heap   total 215040K, used 97732K [0x0000000080000000, 0x0000000100000000)
  region size 1024K, 12 young (12288K), 11 survivors (11264K)
 Metaspace       used 99397K, committed 100160K, reserved 1138688K
  class space    used 13536K, committed 13888K, reserved 1048576K
}
Event: 15.493 GC heap after
{Heap after GC invocations=47 (full 0):
 garbage-first heap   total 215040K, used 97889K [0x0000000080000000, 0x0000000100000000)
  region size 1024K, 2 young (2048K), 2 survivors (2048K)
 Metaspace       used 99397K, committed 100160K, reserved 1138688K
  class space    used 13536K, committed 13888K, reserved 1048576K
}
Event: 15.851 GC heap before
{Heap before GC invocations=47 (full 0):
 garbage-first heap   total 215040K, used 159329K [0x0000000080000000, 0x0000000100000000)
  region size 1024K, 63 young (64512K), 2 survivors (2048K)
 Metaspace       used 99700K, committed 100352K, reserved 1138688K
  class space    used 13554K, committed 13888K, reserved 1048576K
}
Event: 15.855 GC heap after
{Heap after GC invocations=48 (full 0):
 garbage-first heap   total 215040K, used 102054K [0x0000000080000000, 0x0000000100000000)
  region size 1024K, 6 young (6144K), 6 survivors (6144K)
 Metaspace       used 99700K, committed 100352K, reserved 1138688K
  class space    used 13554K, committed 13888K, reserved 1048576K
}
Event: 16.606 GC heap before
{Heap before GC invocations=48 (full 0):
 garbage-first heap   total 215040K, used 166566K [0x0000000080000000, 0x0000000100000000)
  region size 1024K, 68 young (69632K), 6 survivors (6144K)
 Metaspace       used 102562K, committed 103296K, reserved 1138688K
  class space    used 13932K, committed 14272K, reserved 1048576K
}
Event: 16.619 GC heap after
{Heap after GC invocations=49 (full 0):
 garbage-first heap   total 215040K, used 121129K [0x0000000080000000, 0x0000000100000000)
  region size 1024K, 9 young (9216K), 9 survivors (9216K)
 Metaspace       used 102562K, committed 103296K, reserved 1138688K
  class space    used 13932K, committed 14272K, reserved 1048576K
}
Event: 17.071 GC heap before
{Heap before GC invocations=49 (full 0):
 garbage-first heap   total 215040K, used 170281K [0x0000000080000000, 0x0000000100000000)
  region size 1024K, 50 young (51200K), 9 survivors (9216K)
 Metaspace       used 103359K, committed 104128K, reserved 1138688K
  class space    used 14015K, committed 14400K, reserved 1048576K
}
Event: 17.081 GC heap after
{Heap after GC invocations=50 (full 0):
 garbage-first heap   total 215040K, used 131331K [0x0000000080000000, 0x0000000100000000)
  region size 1024K, 7 young (7168K), 7 survivors (7168K)
 Metaspace       used 103359K, committed 104128K, reserved 1138688K
  class space    used 14015K, committed 14400K, reserved 1048576K
}
Event: 17.583 GC heap before
{Heap before GC invocations=51 (full 0):
 garbage-first heap   total 237568K, used 183555K [0x0000000080000000, 0x0000000100000000)
  region size 1024K, 42 young (43008K), 7 survivors (7168K)
 Metaspace       used 105803K, committed 106560K, reserved 1146880K
  class space    used 14332K, committed 14720K, reserved 1048576K
}
Event: 17.589 GC heap after
{Heap after GC invocations=52 (full 0):
 garbage-first heap   total 237568K, used 129368K [0x0000000080000000, 0x0000000100000000)
  region size 1024K, 3 young (3072K), 3 survivors (3072K)
 Metaspace       used 105803K, committed 106560K, reserved 1146880K
  class space    used 14332K, committed 14720K, reserved 1048576K
}
Event: 17.629 GC heap before
{Heap before GC invocations=52 (full 0):
 garbage-first heap   total 237568K, used 136536K [0x0000000080000000, 0x0000000100000000)
  region size 1024K, 11 young (11264K), 3 survivors (3072K)
 Metaspace       used 106398K, committed 107136K, reserved 1146880K
  class space    used 14386K, committed 14720K, reserved 1048576K
}
Event: 17.633 GC heap after
{Heap after GC invocations=53 (full 0):
 garbage-first heap   total 237568K, used 128860K [0x0000000080000000, 0x0000000100000000)
  region size 1024K, 2 young (2048K), 2 survivors (2048K)
 Metaspace       used 106398K, committed 107136K, reserved 1146880K
  class space    used 14386K, committed 14720K, reserved 1048576K
}
Event: 18.218 GC heap before
{Heap before GC invocations=53 (full 0):
 garbage-first heap   total 237568K, used 184156K [0x0000000080000000, 0x0000000100000000)
  region size 1024K, 57 young (58368K), 2 survivors (2048K)
 Metaspace       used 108786K, committed 109504K, reserved 1146880K
  class space    used 14624K, committed 14976K, reserved 1048576K
}
Event: 18.223 GC heap after
{Heap after GC invocations=54 (full 0):
 garbage-first heap   total 237568K, used 133713K [0x0000000080000000, 0x0000000100000000)
  region size 1024K, 6 young (6144K), 6 survivors (6144K)
 Metaspace       used 108786K, committed 109504K, reserved 1146880K
  class space    used 14624K, committed 14976K, reserved 1048576K
}
Event: 18.894 GC heap before
{Heap before GC invocations=54 (full 0):
 garbage-first heap   total 237568K, used 187985K [0x0000000080000000, 0x0000000100000000)
  region size 1024K, 60 young (61440K), 6 survivors (6144K)
 Metaspace       used 112001K, committed 112704K, reserved 1146880K
  class space    used 14945K, committed 15296K, reserved 1048576K
}
Event: 18.902 GC heap after
{Heap after GC invocations=55 (full 0):
 garbage-first heap   total 237568K, used 141192K [0x0000000080000000, 0x0000000100000000)
  region size 1024K, 8 young (8192K), 8 survivors (8192K)
 Metaspace       used 112001K, committed 112704K, reserved 1146880K
  class space    used 14945K, committed 15296K, reserved 1048576K
}
Event: 19.211 GC heap before
{Heap before GC invocations=55 (full 0):
 garbage-first heap   total 237568K, used 189320K [0x0000000080000000, 0x0000000100000000)
  region size 1024K, 56 young (57344K), 8 survivors (8192K)
 Metaspace       used 112734K, committed 113472K, reserved 1146880K
  class space    used 15011K, committed 15360K, reserved 1048576K
}
Event: 19.218 GC heap after
{Heap after GC invocations=56 (full 0):
 garbage-first heap   total 237568K, used 143328K [0x0000000080000000, 0x0000000100000000)
  region size 1024K, 5 young (5120K), 5 survivors (5120K)
 Metaspace       used 112734K, committed 113472K, reserved 1146880K
  class space    used 15011K, committed 15360K, reserved 1048576K
}
Event: 19.657 GC heap before
{Heap before GC invocations=56 (full 0):
 garbage-first heap   total 237568K, used 192480K [0x0000000080000000, 0x0000000100000000)
  region size 1024K, 54 young (55296K), 5 survivors (5120K)
 Metaspace       used 114034K, committed 114752K, reserved 1155072K
  class space    used 15157K, committed 15488K, reserved 1048576K
}

Dll operation events (2 events):
Event: 0.008 Loaded shared library C:\Program Files\Android\Android Studio\jbr\bin\java.dll
Event: 0.440 Loaded shared library C:\Program Files\Android\Android Studio\jbr\bin\verify.dll

Deoptimization events (20 events):
Event: 19.629 Thread 0x000001c5a2407450 Uncommon trap: trap_request=0xffffffde fr.pc=0x000001c58b548bcc relative=0x00000000000002ac
Event: 19.629 Thread 0x000001c5a2407450 Uncommon trap: reason=class_check action=maybe_recompile pc=0x000001c58b548bcc method=java.util.concurrent.ConcurrentHashMap.get(Ljava/lang/Object;)Ljava/lang/Object; @ 93 c2
Event: 19.629 Thread 0x000001c5a2407450 DEOPT PACKING pc=0x000001c58b548bcc sp=0x00000097d13f99f0
Event: 19.629 Thread 0x000001c5a2407450 DEOPT UNPACKING pc=0x000001c58a9869a3 sp=0x00000097d13f9948 mode 2
Event: 19.629 Thread 0x000001c59d4c6810 Uncommon trap: trap_request=0xffffffde fr.pc=0x000001c58b548bcc relative=0x00000000000002ac
Event: 19.629 Thread 0x000001c59d4c6810 Uncommon trap: reason=class_check action=maybe_recompile pc=0x000001c58b548bcc method=java.util.concurrent.ConcurrentHashMap.get(Ljava/lang/Object;)Ljava/lang/Object; @ 93 c2
Event: 19.629 Thread 0x000001c59d4c6810 DEOPT PACKING pc=0x000001c58b548bcc sp=0x00000097cbdfe5a0
Event: 19.629 Thread 0x000001c59d4c6810 DEOPT UNPACKING pc=0x000001c58a9869a3 sp=0x00000097cbdfe4f8 mode 2
Event: 19.631 Thread 0x000001c59bf33ff0 Uncommon trap: trap_request=0xffffff45 fr.pc=0x000001c58af93b68 relative=0x0000000000001008
Event: 19.631 Thread 0x000001c59bf33ff0 Uncommon trap: reason=unstable_if action=reinterpret pc=0x000001c58af93b68 method=java.util.concurrent.ConcurrentHashMap.transfer([Ljava/util/concurrent/ConcurrentHashMap$Node;[Ljava/util/concurrent/ConcurrentHashMap$Node;)V @ 347 c2
Event: 19.631 Thread 0x000001c59bf33ff0 DEOPT PACKING pc=0x000001c58af93b68 sp=0x00000097d07fe110
Event: 19.631 Thread 0x000001c59bf33ff0 DEOPT UNPACKING pc=0x000001c58a9869a3 sp=0x00000097d07fe070 mode 2
Event: 19.631 Thread 0x000001c59bf33ff0 Uncommon trap: trap_request=0xffffffde fr.pc=0x000001c58b548bcc relative=0x00000000000002ac
Event: 19.631 Thread 0x000001c59bf33ff0 Uncommon trap: reason=class_check action=maybe_recompile pc=0x000001c58b548bcc method=java.util.concurrent.ConcurrentHashMap.get(Ljava/lang/Object;)Ljava/lang/Object; @ 93 c2
Event: 19.631 Thread 0x000001c59bf33ff0 DEOPT PACKING pc=0x000001c58b548bcc sp=0x00000097d07fde40
Event: 19.631 Thread 0x000001c59a0a0460 Uncommon trap: trap_request=0xffffffde fr.pc=0x000001c58b548bcc relative=0x00000000000002ac
Event: 19.631 Thread 0x000001c59a0a0460 Uncommon trap: reason=class_check action=maybe_recompile pc=0x000001c58b548bcc method=java.util.concurrent.ConcurrentHashMap.get(Ljava/lang/Object;)Ljava/lang/Object; @ 93 c2
Event: 19.631 Thread 0x000001c59a0a0460 DEOPT PACKING pc=0x000001c58b548bcc sp=0x00000097ce7fe2c0
Event: 19.631 Thread 0x000001c59bf33ff0 DEOPT UNPACKING pc=0x000001c58a9869a3 sp=0x00000097d07fdd98 mode 2
Event: 19.631 Thread 0x000001c59a0a0460 DEOPT UNPACKING pc=0x000001c58a9869a3 sp=0x00000097ce7fe218 mode 2

Classes unloaded (7 events):
Event: 17.192 Thread 0x000001c599026c40 Unloading class 0x0000000100da5c00 'java/lang/invoke/LambdaForm$DMH+0x0000000100da5c00'
Event: 17.192 Thread 0x000001c599026c40 Unloading class 0x0000000100da5400 'java/lang/invoke/LambdaForm$DMH+0x0000000100da5400'
Event: 17.192 Thread 0x000001c599026c40 Unloading class 0x0000000100da5800 'java/lang/invoke/LambdaForm$DMH+0x0000000100da5800'
Event: 17.192 Thread 0x000001c599026c40 Unloading class 0x0000000100da5000 'java/lang/invoke/LambdaForm$DMH+0x0000000100da5000'
Event: 17.192 Thread 0x000001c599026c40 Unloading class 0x0000000100da4c00 'java/lang/invoke/LambdaForm$DMH+0x0000000100da4c00'
Event: 17.192 Thread 0x000001c599026c40 Unloading class 0x0000000100da4000 'java/lang/invoke/LambdaForm$DMH+0x0000000100da4000'
Event: 17.192 Thread 0x000001c599026c40 Unloading class 0x0000000100da4800 'java/lang/invoke/LambdaForm$DMH+0x0000000100da4800'

Classes redefined (0 events):
No events

Internal exceptions (20 events):
Event: 17.639 Thread 0x000001c5a24030f0 Exception <a 'sun/nio/fs/WindowsException'{0x000000008ff1cec0}> (0x000000008ff1cec0) 
thrown [s\src\hotspot\share\prims\jni.cpp, line 517]
Event: 17.978 Thread 0x000001c5a24035c0 Exception <a 'sun/nio/fs/WindowsException'{0x000000008c659ec0}> (0x000000008c659ec0) 
thrown [s\src\hotspot\share\prims\jni.cpp, line 517]
Event: 17.978 Thread 0x000001c5a24035c0 Exception <a 'sun/nio/fs/WindowsException'{0x000000008c65a2b0}> (0x000000008c65a2b0) 
thrown [s\src\hotspot\share\prims\jni.cpp, line 517]
Event: 18.298 Thread 0x000001c5a24035c0 Exception <a 'sun/nio/fs/WindowsException'{0x000000008deddc90}> (0x000000008deddc90) 
thrown [s\src\hotspot\share\prims\jni.cpp, line 517]
Event: 18.298 Thread 0x000001c5a24035c0 Exception <a 'sun/nio/fs/WindowsException'{0x000000008dede140}> (0x000000008dede140) 
thrown [s\src\hotspot\share\prims\jni.cpp, line 517]
Event: 18.299 Thread 0x000001c5a24035c0 Exception <a 'sun/nio/fs/WindowsException'{0x000000008dee0118}> (0x000000008dee0118) 
thrown [s\src\hotspot\share\prims\jni.cpp, line 517]
Event: 18.299 Thread 0x000001c5a24035c0 Exception <a 'sun/nio/fs/WindowsException'{0x000000008dee0520}> (0x000000008dee0520) 
thrown [s\src\hotspot\share\prims\jni.cpp, line 517]
Event: 18.302 Thread 0x000001c5a24035c0 Exception <a 'sun/nio/fs/WindowsException'{0x000000008dee24c8}> (0x000000008dee24c8) 
thrown [s\src\hotspot\share\prims\jni.cpp, line 517]
Event: 18.302 Thread 0x000001c5a24035c0 Exception <a 'sun/nio/fs/WindowsException'{0x000000008dee2888}> (0x000000008dee2888) 
thrown [s\src\hotspot\share\prims\jni.cpp, line 517]
Event: 18.719 Thread 0x000001c5a24035c0 Implicit null exception at 0x000001c58b374ef2 to 0x000001c58b375624
Event: 18.829 Thread 0x000001c5a24035c0 Exception <a 'sun/nio/fs/WindowsException'{0x000000008bac8438}> (0x000000008bac8438) 
thrown [s\src\hotspot\share\prims\jni.cpp, line 517]
Event: 18.830 Thread 0x000001c5a24035c0 Exception <a 'sun/nio/fs/WindowsException'{0x000000008bac8848}> (0x000000008bac8848) 
thrown [s\src\hotspot\share\prims\jni.cpp, line 517]
Event: 18.830 Thread 0x000001c5a24035c0 Exception <a 'sun/nio/fs/WindowsException'{0x000000008baca840}> (0x000000008baca840) 
thrown [s\src\hotspot\share\prims\jni.cpp, line 517]
Event: 18.830 Thread 0x000001c5a24035c0 Exception <a 'sun/nio/fs/WindowsException'{0x000000008bacac50}> (0x000000008bacac50) 
thrown [s\src\hotspot\share\prims\jni.cpp, line 517]
Event: 18.994 Thread 0x000001c5a24035c0 Exception <a 'sun/nio/fs/WindowsException'{0x000000008dbb3d58}> (0x000000008dbb3d58) 
thrown [s\src\hotspot\share\prims\jni.cpp, line 517]
Event: 18.994 Thread 0x000001c5a24035c0 Exception <a 'sun/nio/fs/WindowsException'{0x000000008dbb4170}> (0x000000008dbb4170) 
thrown [s\src\hotspot\share\prims\jni.cpp, line 517]
Event: 18.996 Thread 0x000001c5a24035c0 Exception <a 'sun/nio/fs/WindowsException'{0x000000008dbb6168}> (0x000000008dbb6168) 
thrown [s\src\hotspot\share\prims\jni.cpp, line 517]
Event: 18.996 Thread 0x000001c5a24035c0 Exception <a 'sun/nio/fs/WindowsException'{0x000000008dbb6588}> (0x000000008dbb6588) 
thrown [s\src\hotspot\share\prims\jni.cpp, line 517]
Event: 19.021 Thread 0x000001c5a2407450 Exception <a 'sun/nio/fs/WindowsException'{0x000000008d9d6a70}> (0x000000008d9d6a70) 
thrown [s\src\hotspot\share\prims\jni.cpp, line 517]
Event: 19.028 Thread 0x000001c5a2407450 Exception <a 'java/lang/NoSuchMethodError'{0x000000008d80de18}: 'int java.lang.invoke.DirectMethodHandle$Holder.invokeSpecial(java.lang.Object, java.lang.Object, java.lang.Object, java.lang.Object, java.lang.Object)'> (0x000000008d80de18) 
thrown [s\src\hotspot\share\interpreter\linkResolver.cpp, line 771]

VM Operations (20 events):
Event: 18.902 Executing VM operation: G1CollectForAllocation done
Event: 19.026 Executing VM operation: HandshakeAllThreads
Event: 19.026 Executing VM operation: HandshakeAllThreads done
Event: 19.134 Executing VM operation: ICBufferFull
Event: 19.135 Executing VM operation: ICBufferFull done
Event: 19.211 Executing VM operation: G1CollectForAllocation
Event: 19.218 Executing VM operation: G1CollectForAllocation done
Event: 19.256 Executing VM operation: HandshakeAllThreads
Event: 19.256 Executing VM operation: HandshakeAllThreads done
Event: 19.542 Executing VM operation: HandshakeAllThreads
Event: 19.542 Executing VM operation: HandshakeAllThreads done
Event: 19.543 Executing VM operation: HandshakeAllThreads
Event: 19.543 Executing VM operation: HandshakeAllThreads done
Event: 19.545 Executing VM operation: HandshakeAllThreads
Event: 19.546 Executing VM operation: HandshakeAllThreads done
Event: 19.566 Executing VM operation: ICBufferFull
Event: 19.566 Executing VM operation: ICBufferFull done
Event: 19.631 Executing VM operation: HandshakeAllThreads
Event: 19.631 Executing VM operation: HandshakeAllThreads done
Event: 19.657 Executing VM operation: G1CollectForAllocation

Events (20 events):
Event: 19.636 Thread 0x000001c59908bb50 flushing nmethod 0x000001c58342ce90
Event: 19.636 Thread 0x000001c59908bb50 flushing nmethod 0x000001c583482f10
Event: 19.637 Thread 0x000001c59908bb50 flushing nmethod 0x000001c5835f6210
Event: 19.638 Thread 0x000001c59908bb50 flushing nmethod 0x000001c583734490
Event: 19.642 Thread 0x000001c59908bb50 flushing nmethod 0x000001c583b75c10
Event: 19.643 Thread 0x000001c59908bb50 flushing nmethod 0x000001c583c10090
Event: 19.643 Thread 0x000001c59908bb50 flushing nmethod 0x000001c583c4f890
Event: 19.650 Thread 0x000001c59908bb50 flushing nmethod 0x000001c584400d10
Event: 19.650 Thread 0x000001c59908bb50 flushing nmethod 0x000001c584403910
Event: 19.650 Thread 0x000001c59908bb50 flushing nmethod 0x000001c584404910
Event: 19.651 Thread 0x000001c59908bb50 flushing nmethod 0x000001c5845faf10
Event: 19.652 Thread 0x000001c59908bb50 flushing nmethod 0x000001c5846f3a90
Event: 19.652 Thread 0x000001c59908bb50 flushing nmethod 0x000001c584702210
Event: 19.652 Thread 0x000001c59908bb50 flushing nmethod 0x000001c584702810
Event: 19.652 Thread 0x000001c59908bb50 flushing nmethod 0x000001c58472aa10
Event: 19.653 Thread 0x000001c59908bb50 flushing nmethod 0x000001c5847b4c90
Event: 19.653 Thread 0x000001c59908bb50 flushing nmethod 0x000001c584833310
Event: 19.654 Thread 0x000001c59908bb50 flushing nmethod 0x000001c5848cb510
Event: 19.654 Thread 0x000001c59908bb50 flushing nmethod 0x000001c5848d3e90
Event: 19.654 Thread 0x000001c59908bb50 flushing nmethod 0x000001c584936310


Dynamic libraries:
0x00007ff6aefc0000 - 0x00007ff6aefca000 	C:\Program Files\Android\Android Studio\jbr\bin\java.exe
0x00007ffdba870000 - 0x00007ffdbaa68000 	C:\WINDOWS\SYSTEM32\ntdll.dll
0x00007ffdb8d70000 - 0x00007ffdb8e2d000 	C:\WINDOWS\System32\KERNEL32.DLL
0x00007ffdb83f0000 - 0x00007ffdb86e6000 	C:\WINDOWS\System32\KERNELBASE.dll
0x00007ffdb8160000 - 0x00007ffdb8260000 	C:\WINDOWS\System32\ucrtbase.dll
0x00007ffdaa590000 - 0x00007ffdaa5a7000 	C:\Program Files\Android\Android Studio\jbr\bin\jli.dll
0x00007ffda2610000 - 0x00007ffda262b000 	C:\Program Files\Android\Android Studio\jbr\bin\VCRUNTIME140.dll
0x00007ffdb88d0000 - 0x00007ffdb8a6e000 	C:\WINDOWS\System32\USER32.dll
0x00007ffda2d70000 - 0x00007ffda300a000 	C:\WINDOWS\WinSxS\amd64_microsoft.windows.common-controls_6595b64144ccf1df_6.0.19041.1110_none_60b5254171f9507e\COMCTL32.dll
0x00007ffdb83c0000 - 0x00007ffdb83e2000 	C:\WINDOWS\System32\win32u.dll
0x00007ffdb9a90000 - 0x00007ffdb9b2e000 	C:\WINDOWS\System32\msvcrt.dll
0x00007ffdb8ff0000 - 0x00007ffdb901c000 	C:\WINDOWS\System32\GDI32.dll
0x00007ffdb87b0000 - 0x00007ffdb88ca000 	C:\WINDOWS\System32\gdi32full.dll
0x00007ffdb7f50000 - 0x00007ffdb7fed000 	C:\WINDOWS\System32\msvcp_win.dll
0x00007ffdba620000 - 0x00007ffdba650000 	C:\WINDOWS\System32\IMM32.DLL
0x00007ffdb2740000 - 0x00007ffdb274c000 	C:\Program Files\Android\Android Studio\jbr\bin\vcruntime140_1.dll
0x00007ffd903d0000 - 0x00007ffd9045d000 	C:\Program Files\Android\Android Studio\jbr\bin\msvcp140.dll
0x00007ffd68b80000 - 0x00007ffd697ee000 	C:\Program Files\Android\Android Studio\jbr\bin\server\jvm.dll
0x00007ffdb8e90000 - 0x00007ffdb8f3e000 	C:\WINDOWS\System32\ADVAPI32.dll
0x00007ffdba790000 - 0x00007ffdba82c000 	C:\WINDOWS\System32\sechost.dll
0x00007ffdb8bd0000 - 0x00007ffdb8cf6000 	C:\WINDOWS\System32\RPCRT4.dll
0x00007ffda5230000 - 0x00007ffda5257000 	C:\WINDOWS\SYSTEM32\WINMM.dll
0x00007ffd9e9a0000 - 0x00007ffd9e9a9000 	C:\WINDOWS\SYSTEM32\WSOCK32.dll
0x00007ffdb2be0000 - 0x00007ffdb2bea000 	C:\WINDOWS\SYSTEM32\VERSION.dll
0x00007ffdba000000 - 0x00007ffdba06b000 	C:\WINDOWS\System32\WS2_32.dll
0x00007ffdb6770000 - 0x00007ffdb6782000 	C:\WINDOWS\SYSTEM32\kernel.appcore.dll
0x00007ffdb3780000 - 0x00007ffdb378a000 	C:\Program Files\Android\Android Studio\jbr\bin\jimage.dll
0x00007ffdb55b0000 - 0x00007ffdb5794000 	C:\WINDOWS\SYSTEM32\DBGHELP.DLL
0x00007ffd9a1c0000 - 0x00007ffd9a1f4000 	C:\WINDOWS\SYSTEM32\dbgcore.DLL
0x00007ffdb86f0000 - 0x00007ffdb8772000 	C:\WINDOWS\System32\bcryptPrimitives.dll
0x00007ffdb26e0000 - 0x00007ffdb2705000 	C:\Program Files\Android\Android Studio\jbr\bin\java.dll
0x00007ffdb2c70000 - 0x00007ffdb2c88000 	C:\Program Files\Android\Android Studio\jbr\bin\zip.dll
0x00007ffdb9100000 - 0x00007ffdb9845000 	C:\WINDOWS\System32\SHELL32.dll
0x00007ffdb5fc0000 - 0x00007ffdb675b000 	C:\WINDOWS\SYSTEM32\windows.storage.dll
0x00007ffdba070000 - 0x00007ffdba3c4000 	C:\WINDOWS\System32\combase.dll
0x00007ffdb7990000 - 0x00007ffdb79be000 	C:\WINDOWS\SYSTEM32\Wldp.dll
0x00007ffdb8f40000 - 0x00007ffdb8fed000 	C:\WINDOWS\System32\SHCORE.dll
0x00007ffdb8e30000 - 0x00007ffdb8e85000 	C:\WINDOWS\System32\shlwapi.dll
0x00007ffdb7e80000 - 0x00007ffdb7ea5000 	C:\WINDOWS\SYSTEM32\profapi.dll
0x00007ffdac970000 - 0x00007ffdac989000 	C:\Program Files\Android\Android Studio\jbr\bin\net.dll
0x00007ffdae580000 - 0x00007ffdae68a000 	C:\WINDOWS\SYSTEM32\WINHTTP.dll
0x00007ffdb76f0000 - 0x00007ffdb775a000 	C:\WINDOWS\system32\mswsock.dll
0x00007ffdac7e0000 - 0x00007ffdac7f6000 	C:\Program Files\Android\Android Studio\jbr\bin\nio.dll
0x00007ffdb2a50000 - 0x00007ffdb2a60000 	C:\Program Files\Android\Android Studio\jbr\bin\verify.dll
0x00007ffdaac00000 - 0x00007ffdaac27000 	C:\Users\ADMIN\.gradle\native\68d5fa5c4cc2d200863cafc0d521ce42e7d3e7ee720ec0a83991735586a16f82\windows-amd64\native-platform.dll
0x00007ffd7bf80000 - 0x00007ffd7c0c4000 	C:\Users\ADMIN\.gradle\native\e376f236ea51e6404a007f0833ffe2c6e607c4080706a723a18a27aeea778392\windows-amd64\native-platform-file-events.dll
0x00007ffdb0a70000 - 0x00007ffdb0a79000 	C:\Program Files\Android\Android Studio\jbr\bin\management.dll
0x00007ffdb0a00000 - 0x00007ffdb0a0b000 	C:\Program Files\Android\Android Studio\jbr\bin\management_ext.dll
0x00007ffdb8d60000 - 0x00007ffdb8d68000 	C:\WINDOWS\System32\PSAPI.DLL
0x00007ffdb78f0000 - 0x00007ffdb7908000 	C:\WINDOWS\SYSTEM32\CRYPTSP.dll
0x00007ffdb6f90000 - 0x00007ffdb6fc4000 	C:\WINDOWS\system32\rsaenh.dll
0x00007ffdb8780000 - 0x00007ffdb87a7000 	C:\WINDOWS\System32\bcrypt.dll
0x00007ffdb7e40000 - 0x00007ffdb7e6e000 	C:\WINDOWS\SYSTEM32\USERENV.dll
0x00007ffdb78e0000 - 0x00007ffdb78ec000 	C:\WINDOWS\SYSTEM32\CRYPTBASE.dll
0x00007ffdb7390000 - 0x00007ffdb73cb000 	C:\WINDOWS\SYSTEM32\IPHLPAPI.DLL
0x00007ffdb9850000 - 0x00007ffdb9858000 	C:\WINDOWS\System32\NSI.dll
0x00007ffdb0fd0000 - 0x00007ffdb0fe7000 	C:\WINDOWS\SYSTEM32\dhcpcsvc6.DLL
0x00007ffdafe90000 - 0x00007ffdafead000 	C:\WINDOWS\SYSTEM32\dhcpcsvc.DLL
0x00007ffdb73e0000 - 0x00007ffdb74aa000 	C:\WINDOWS\SYSTEM32\DNSAPI.dll
0x00007ffdad6c0000 - 0x00007ffdad6c7000 	C:\WINDOWS\system32\wshunix.dll
0x00007ffda9780000 - 0x00007ffda9797000 	C:\WINDOWS\system32\napinsp.dll
0x00007ffda9760000 - 0x00007ffda977b000 	C:\WINDOWS\system32\pnrpnsp.dll
0x00007ffd8df80000 - 0x00007ffd8df95000 	C:\WINDOWS\system32\wshbth.dll
0x00007ffdb36b0000 - 0x00007ffdb36cd000 	C:\WINDOWS\system32\NLAapi.dll
0x00007ffda3130000 - 0x00007ffda3142000 	C:\WINDOWS\System32\winrnr.dll
0x00007ffdaf030000 - 0x00007ffdaf03a000 	C:\Windows\System32\rasadhlp.dll
0x00007ffda5000000 - 0x00007ffda5082000 	C:\WINDOWS\System32\fwpuclnt.dll
0x00007ffdb70b0000 - 0x00007ffdb70e3000 	C:\WINDOWS\SYSTEM32\ntmarta.dll

dbghelp: loaded successfully - version: 4.0.5 - missing functions: none
symbol engine: initialized successfully - sym options: 0x614 - pdb path: .;C:\Program Files\Android\Android Studio\jbr\bin;C:\WINDOWS\SYSTEM32;C:\WINDOWS\WinSxS\amd64_microsoft.windows.common-controls_6595b64144ccf1df_6.0.19041.1110_none_60b5254171f9507e;C:\Program Files\Android\Android Studio\jbr\bin\server;C:\Users\ADMIN\.gradle\native\68d5fa5c4cc2d200863cafc0d521ce42e7d3e7ee720ec0a83991735586a16f82\windows-amd64;C:\Users\ADMIN\.gradle\native\e376f236ea51e6404a007f0833ffe2c6e607c4080706a723a18a27aeea778392\windows-amd64

VM Arguments:
jvm_args: --add-opens=java.base/java.util=ALL-UNNAMED --add-opens=java.base/java.lang=ALL-UNNAMED --add-opens=java.base/java.lang.invoke=ALL-UNNAMED --add-opens=java.prefs/java.util.prefs=ALL-UNNAMED --add-opens=java.base/java.nio.charset=ALL-UNNAMED --add-opens=java.base/java.net=ALL-UNNAMED --add-opens=java.base/java.util.concurrent.atomic=ALL-UNNAMED -Xmx2048m -Dfile.encoding=UTF-8 -Duser.country=US -Duser.language=en -Duser.variant 
java_command: org.gradle.launcher.daemon.bootstrap.GradleDaemon 8.0
java_class_path (initial): C:\Users\ADMIN\.gradle\wrapper\dists\gradle-8.0-bin\ca5e32bp14vu59qr306oxotwh\gradle-8.0\lib\gradle-launcher-8.0.jar
Launcher Type: SUN_STANDARD

[Global flags]
     intx CICompilerCount                          = 4                                         {product} {ergonomic}
     uint ConcGCThreads                            = 2                                         {product} {ergonomic}
     uint G1ConcRefinementThreads                  = 8                                         {product} {ergonomic}
   size_t G1HeapRegionSize                         = 1048576                                   {product} {ergonomic}
    uintx GCDrainStackTargetSize                   = 64                                        {product} {ergonomic}
   size_t InitialHeapSize                          = 268435456                                 {product} {ergonomic}
   size_t MarkStackSize                            = 4194304                                   {product} {ergonomic}
   size_t MaxHeapSize                              = 2147483648                                {product} {command line}
   size_t MaxNewSize                               = 1287651328                                {product} {ergonomic}
   size_t MinHeapDeltaBytes                        = 1048576                                   {product} {ergonomic}
   size_t MinHeapSize                              = 8388608                                   {product} {ergonomic}
    uintx NonNMethodCodeHeapSize                   = 5839372                                {pd product} {ergonomic}
    uintx NonProfiledCodeHeapSize                  = 122909434                              {pd product} {ergonomic}
    uintx ProfiledCodeHeapSize                     = 122909434                              {pd product} {ergonomic}
    uintx ReservedCodeCacheSize                    = 251658240                              {pd product} {ergonomic}
     bool SegmentedCodeCache                       = true                                      {product} {ergonomic}
   size_t SoftMaxHeapSize                          = 2147483648                             {manageable} {ergonomic}
     bool UseCompressedClassPointers               = true                           {product lp64_product} {ergonomic}
     bool UseCompressedOops                        = true                           {product lp64_product} {ergonomic}
     bool UseG1GC                                  = true                                      {product} {ergonomic}
     bool UseLargePagesIndividualAllocation        = false                                  {pd product} {ergonomic}

Logging:
Log output configuration:
 #0: stdout all=warning uptime,level,tags
 #1: stderr all=off uptime,level,tags

Environment Variables:
JAVA_HOME=C:\Program Files\Java\jdk-17
PATH=C:\Program Files\Common Files\Oracle\Java\javapath;C:\Program Files\Microsoft\jdk-11.0.12.7-hotspot\bin;C:\Program Files\Python39\Scripts\;C:\Program Files\Python39\;C:\ProgramData\Oracle\Java\javapath;C:\Python\Python3100\Scripts\;C:\Python\Python3100\;C:\WINDOWS\system32;C:\WINDOWS;C:\WINDOWS\System32\Wbem;C:\WINDOWS\System32\WindowsPowerShell\v1.0\;C:\WINDOWS\System32\OpenSSH\;C:\Program Files\mingw-w64\x86_64-8.1.0-win32-seh-rt_v6-rev0\mingw64\bin;C:\Program Files (x86)\Common Files\Siemens\;C:\Program Files (x86)\Common Files\Siemens\Interfaces;C:\Program Files (x86)\Common Files\Siemens\ACE\Interfaces;C:\Program Files\Git\cmd;C:\Program Files\Azure Data Studio\bin;C:\Program Files\Microsoft SQL Server\Client SDK\ODBC\170\Tools\Binn\;C:\Program Files (x86)\Microsoft SQL Server\150\DTS\Binn\;C:\Program Files\Java\jdk-17\bin;C:\Users\ADMIN\AppData\Local\Microsoft\WindowsApps;;C:\Program Files\JetBrains\PyCharm Community Edition 2022.1.2\bin;;C:\Program Files\Azure Data Studio\bin;C:\Users\ADMIN\AppData\Local\Programs\Microsoft VS Code\bin;C:\Program Files\JetBrains\IntelliJ IDEA Community Edition 2023.2\bin;
USERNAME=ADMIN
OS=Windows_NT
PROCESSOR_IDENTIFIER=Intel64 Family 6 Model 94 Stepping 3, GenuineIntel
TMP=C:\Users\ADMIN\AppData\Local\Temp
TEMP=C:\Users\ADMIN\AppData\Local\Temp


JNI global refs:
JNI global refs: 26, weak refs: 10

JNI global refs memory usage: 843, weak refs: 841


---------------  S Y S T E M  ---------------

OS:
 Windows 10 , 64 bit Build 19041 (10.0.19041.3393)
OS uptime: 7 days 5:01 hours

CPU: total 8 (initial active 8) (4 cores per cpu, 2 threads per core) family 6 model 94 stepping 3 microcode 0xcc, cx8, cmov, fxsr, ht, mmx, 3dnowpref, sse, sse2, sse3, ssse3, sse4.1, sse4.2, popcnt, lzcnt, tsc, tscinvbit, avx, avx2, aes, erms, clmul, bmi1, bmi2, rtm, adx, fma, vzeroupper, clflush, clflushopt

Memory: 4k page, system-wide physical 16275M (1064M free)
TotalPageFile size 24371M (AvailPageFile size 142M)
current process WorkingSet (physical memory assigned to process): 545M, peak: 545M
current process commit charge ("private bytes"): 605M, peak: 826M

vm_info: OpenJDK 64-Bit Server VM (17.0.6+0-b2043.56-10027231) for windows-amd64 JRE (17.0.6+0-b2043.56-10027231), built on Apr 28 2023 00:43:19 by "androidbuild" with MS VC++ 16.10 / 16.11 (VS2019)

END.
